2018-10-09 17:41:05 Error: [PDOException] SQLSTATE[23000]: Integrity constraint violation: 1062 Duplicate entry '1' for key 'PRIMARY' in C:\Program Files (x86)\Ampps\www\AirlinesTravel\vendor\robmorgan\phinx\src\Phinx\Db\Adapter\PdoAdapter.php on line 306
Stack Trace:
#0 C:\Program Files (x86)\Ampps\www\AirlinesTravel\vendor\robmorgan\phinx\src\Phinx\Db\Adapter\PdoAdapter.php(306): PDOStatement->execute(Array)
#1 C:\Program Files (x86)\Ampps\www\AirlinesTravel\vendor\robmorgan\phinx\src\Phinx\Db\Adapter\AdapterWrapper.php(193): Phinx\Db\Adapter\PdoAdapter->bulkinsert(Object(Phinx\Db\Table\Table), Array)
#2 C:\Program Files (x86)\Ampps\www\AirlinesTravel\vendor\robmorgan\phinx\src\Phinx\Db\Adapter\TimedOutputAdapter.php(127): Phinx\Db\Adapter\AdapterWrapper->bulkinsert(Object(Phinx\Db\Table\Table), Array)
#3 C:\Program Files (x86)\Ampps\www\AirlinesTravel\vendor\robmorgan\phinx\src\Phinx\Db\Adapter\AdapterWrapper.php(193): Phinx\Db\Adapter\TimedOutputAdapter->bulkinsert(Object(Phinx\Db\Table\Table), Array)
#4 C:\Program Files (x86)\Ampps\www\AirlinesTravel\vendor\robmorgan\phinx\src\Phinx\Db\Table.php(653): Phinx\Db\Adapter\AdapterWrapper->bulkinsert(Object(Phinx\Db\Table\Table), Array)
#5 C:\Program Files (x86)\Ampps\www\AirlinesTravel\vendor\robmorgan\phinx\src\Phinx\Db\Table.php(625): Phinx\Db\Table->saveData()
#6 C:\Program Files (x86)\Ampps\www\AirlinesTravel\vendor\robmorgan\phinx\src\Phinx\Db\Table.php(683): Phinx\Db\Table->update()
#7 C:\Program Files (x86)\Ampps\www\AirlinesTravel\config\Seeds\AirportsSeed.php(41): Phinx\Db\Table->save()
#8 C:\Program Files (x86)\Ampps\www\AirlinesTravel\vendor\robmorgan\phinx\src\Phinx\Migration\Manager\Environment.php(158): AirportsSeed->run()
#9 C:\Program Files (x86)\Ampps\www\AirlinesTravel\vendor\robmorgan\phinx\src\Phinx\Migration\Manager.php(417): Phinx\Migration\Manager\Environment->executeSeed(Object(AirportsSeed))
#10 C:\Program Files (x86)\Ampps\www\AirlinesTravel\vendor\robmorgan\phinx\src\Phinx\Migration\Manager.php(554): Phinx\Migration\Manager->executeSeed('default', Object(AirportsSeed))
#11 C:\Program Files (x86)\Ampps\www\AirlinesTravel\vendor\robmorgan\phinx\src\Phinx\Console\Command\SeedRun.php(111): Phinx\Migration\Manager->seed('default')
#12 C:\Program Files (x86)\Ampps\www\AirlinesTravel\vendor\cakephp\migrations\src\Command\CommandTrait.php(35): Phinx\Console\Command\SeedRun->execute(Object(Symfony\Component\Console\Input\ArgvInput), Object(Symfony\Component\Console\Output\ConsoleOutput))
#13 C:\Program Files (x86)\Ampps\www\AirlinesTravel\vendor\cakephp\migrations\src\Command\Seed.php(72): Migrations\Command\Seed->parentExecute(Object(Symfony\Component\Console\Input\ArgvInput), Object(Symfony\Component\Console\Output\ConsoleOutput))
#14 C:\Program Files (x86)\Ampps\www\AirlinesTravel\vendor\symfony\console\Command\Command.php(251): Migrations\Command\Seed->execute(Object(Symfony\Component\Console\Input\ArgvInput), Object(Symfony\Component\Console\Output\ConsoleOutput))
#15 C:\Program Files (x86)\Ampps\www\AirlinesTravel\vendor\symfony\console\Application.php(886): Symfony\Component\Console\Command\Command->run(Object(Symfony\Component\Console\Input\ArgvInput), Object(Symfony\Component\Console\Output\ConsoleOutput))
#16 C:\Program Files (x86)\Ampps\www\AirlinesTravel\vendor\symfony\console\Application.php(262): Symfony\Component\Console\Application->doRunCommand(Object(Migrations\Command\Seed), Object(Symfony\Component\Console\Input\ArgvInput), Object(Symfony\Component\Console\Output\ConsoleOutput))
#17 C:\Program Files (x86)\Ampps\www\AirlinesTravel\vendor\symfony\console\Application.php(145): Symfony\Component\Console\Application->doRun(Object(Symfony\Component\Console\Input\ArgvInput), Object(Symfony\Component\Console\Output\ConsoleOutput))
#18 C:\Program Files (x86)\Ampps\www\AirlinesTravel\vendor\cakephp\migrations\src\Shell\MigrationsShell.php(108): Symfony\Component\Console\Application->run(Object(Symfony\Component\Console\Input\ArgvInput), Object(Symfony\Component\Console\Output\ConsoleOutput))
#19 C:\Program Files (x86)\Ampps\www\AirlinesTravel\vendor\cakephp\cakephp\src\Console\Shell.php(532): Migrations\Shell\MigrationsShell->main('migrations', 'seed')
#20 C:\Program Files (x86)\Ampps\www\AirlinesTravel\vendor\cakephp\migrations\src\Shell\MigrationsShell.php(164): Cake\Console\Shell->runCommand(Array, true, Array)
#21 C:\Program Files (x86)\Ampps\www\AirlinesTravel\vendor\cakephp\cakephp\src\Console\CommandRunner.php(342): Migrations\Shell\MigrationsShell->runCommand(Array, true)
#22 C:\Program Files (x86)\Ampps\www\AirlinesTravel\vendor\cakephp\cakephp\src\Console\CommandRunner.php(164): Cake\Console\CommandRunner->runShell(Object(Migrations\Shell\MigrationsShell), Array)
#23 C:\Program Files (x86)\Ampps\www\AirlinesTravel\bin\cake.php(12): Cake\Console\CommandRunner->run(Array)
#24 {main}


2018-10-10 19:13:53 Error: [PDOException] SQLSTATE[HY000]: General error: 1 index flights_airport_id_index already exists in C:\Program Files (x86)\Ampps\www\AirlinesTravel\vendor\robmorgan\phinx\src\Phinx\Db\Adapter\PdoAdapter.php on line 167
Stack Trace:
#0 C:\Program Files (x86)\Ampps\www\AirlinesTravel\vendor\robmorgan\phinx\src\Phinx\Db\Adapter\PdoAdapter.php(167): PDO->exec('CREATE INDEX `f...')
#1 C:\Program Files (x86)\Ampps\www\AirlinesTravel\vendor\robmorgan\phinx\src\Phinx\Db\Util\AlterInstructions.php(137): Phinx\Db\Adapter\PdoAdapter->execute('CREATE INDEX `f...')
#2 C:\Program Files (x86)\Ampps\www\AirlinesTravel\vendor\robmorgan\phinx\src\Phinx\Db\Adapter\PdoAdapter.php(518): Phinx\Db\Util\AlterInstructions->execute('ALTER TABLE `fl...', Array)
#3 C:\Program Files (x86)\Ampps\www\AirlinesTravel\vendor\robmorgan\phinx\src\Phinx\Db\Adapter\PdoAdapter.php(602): Phinx\Db\Adapter\PdoAdapter->executeAlterSteps('flights', Object(Phinx\Db\Util\AlterInstructions))
#4 C:\Program Files (x86)\Ampps\www\AirlinesTravel\vendor\robmorgan\phinx\src\Phinx\Db\Adapter\SQLiteAdapter.php(247): Phinx\Db\Adapter\PdoAdapter->addIndex(Object(Phinx\Db\Table\Table), Object(Phinx\Db\Table\Index))
#5 C:\Program Files (x86)\Ampps\www\AirlinesTravel\vendor\robmorgan\phinx\src\Phinx\Db\Adapter\AdapterWrapper.php(349): Phinx\Db\Adapter\SQLiteAdapter->createTable(Object(Phinx\Db\Table\Table), Array, Array)
#6 C:\Program Files (x86)\Ampps\www\AirlinesTravel\vendor\robmorgan\phinx\src\Phinx\Db\Adapter\TimedOutputAdapter.php(138): Phinx\Db\Adapter\AdapterWrapper->createTable(Object(Phinx\Db\Table\Table), Array, Array)
#7 C:\Program Files (x86)\Ampps\www\AirlinesTravel\vendor\robmorgan\phinx\src\Phinx\Db\Adapter\AdapterWrapper.php(349): Phinx\Db\Adapter\TimedOutputAdapter->createTable(Object(Phinx\Db\Table\Table), Array, Array)
#8 C:\Program Files (x86)\Ampps\www\AirlinesTravel\vendor\robmorgan\phinx\src\Phinx\Db\Plan\Plan.php(138): Phinx\Db\Adapter\AdapterWrapper->createTable(Object(Phinx\Db\Table\Table), Array, Array)
#9 C:\Program Files (x86)\Ampps\www\AirlinesTravel\vendor\robmorgan\phinx\src\Phinx\Db\Table.php(717): Phinx\Db\Plan\Plan->execute(Object(Migrations\CakeAdapter))
#10 C:\Program Files (x86)\Ampps\www\AirlinesTravel\vendor\robmorgan\phinx\src\Phinx\Db\Table.php(611): Phinx\Db\Table->executeActions(false)
#11 C:\Program Files (x86)\Ampps\www\AirlinesTravel\vendor\cakephp\migrations\src\Table.php(91): Phinx\Db\Table->create()
#12 C:\Program Files (x86)\Ampps\www\AirlinesTravel\config\Migrations\20181009173953_Initial.php(201): Migrations\Table->create()
#13 C:\Program Files (x86)\Ampps\www\AirlinesTravel\vendor\robmorgan\phinx\src\Phinx\Migration\Manager\Environment.php(128): Initial->up()
#14 C:\Program Files (x86)\Ampps\www\AirlinesTravel\vendor\robmorgan\phinx\src\Phinx\Migration\Manager.php(387): Phinx\Migration\Manager\Environment->executeMigration(Object(Initial), 'up', false)
#15 C:\Program Files (x86)\Ampps\www\AirlinesTravel\vendor\robmorgan\phinx\src\Phinx\Migration\Manager.php(361): Phinx\Migration\Manager->executeMigration('default', Object(Initial), 'up', false)
#16 C:\Program Files (x86)\Ampps\www\AirlinesTravel\vendor\robmorgan\phinx\src\Phinx\Console\Command\Migrate.php(121): Phinx\Migration\Manager->migrate('default', '20181009173953', false)
#17 C:\Program Files (x86)\Ampps\www\AirlinesTravel\vendor\cakephp\migrations\src\Command\CommandTrait.php(35): Phinx\Console\Command\Migrate->execute(Object(Symfony\Component\Console\Input\ArgvInput), Object(Symfony\Component\Console\Output\ConsoleOutput))
#18 C:\Program Files (x86)\Ampps\www\AirlinesTravel\vendor\cakephp\migrations\src\Command\Migrate.php(67): Migrations\Command\Migrate->parentExecute(Object(Symfony\Component\Console\Input\ArgvInput), Object(Symfony\Component\Console\Output\ConsoleOutput))
#19 C:\Program Files (x86)\Ampps\www\AirlinesTravel\vendor\symfony\console\Command\Command.php(251): Migrations\Command\Migrate->execute(Object(Symfony\Component\Console\Input\ArgvInput), Object(Symfony\Component\Console\Output\ConsoleOutput))
#20 C:\Program Files (x86)\Ampps\www\AirlinesTravel\vendor\symfony\console\Application.php(886): Symfony\Component\Console\Command\Command->run(Object(Symfony\Component\Console\Input\ArgvInput), Object(Symfony\Component\Console\Output\ConsoleOutput))
#21 C:\Program Files (x86)\Ampps\www\AirlinesTravel\vendor\symfony\console\Application.php(262): Symfony\Component\Console\Application->doRunCommand(Object(Migrations\Command\Migrate), Object(Symfony\Component\Console\Input\ArgvInput), Object(Symfony\Component\Console\Output\ConsoleOutput))
#22 C:\Program Files (x86)\Ampps\www\AirlinesTravel\vendor\symfony\console\Application.php(145): Symfony\Component\Console\Application->doRun(Object(Symfony\Component\Console\Input\ArgvInput), Object(Symfony\Component\Console\Output\ConsoleOutput))
#23 C:\Program Files (x86)\Ampps\www\AirlinesTravel\vendor\cakephp\migrations\src\Shell\MigrationsShell.php(108): Symfony\Component\Console\Application->run(Object(Symfony\Component\Console\Input\ArgvInput), Object(Symfony\Component\Console\Output\ConsoleOutput))
#24 C:\Program Files (x86)\Ampps\www\AirlinesTravel\vendor\cakephp\cakephp\src\Console\Shell.php(532): Migrations\Shell\MigrationsShell->main('migrations', 'migrate')
#25 C:\Program Files (x86)\Ampps\www\AirlinesTravel\vendor\cakephp\migrations\src\Shell\MigrationsShell.php(164): Cake\Console\Shell->runCommand(Array, true, Array)
#26 C:\Program Files (x86)\Ampps\www\AirlinesTravel\vendor\cakephp\cakephp\src\Console\CommandRunner.php(342): Migrations\Shell\MigrationsShell->runCommand(Array, true)
#27 C:\Program Files (x86)\Ampps\www\AirlinesTravel\vendor\cakephp\cakephp\src\Console\CommandRunner.php(164): Cake\Console\CommandRunner->runShell(Object(Migrations\Shell\MigrationsShell), Array)
#28 C:\Program Files (x86)\Ampps\www\AirlinesTravel\bin\cake.php(12): Cake\Console\CommandRunner->run(Array)
#29 {main}


2018-10-10 19:16:26 Error: [PDOException] SQLSTATE[HY000]: General error: 1 index flights_airport_id_index already exists in C:\Program Files (x86)\Ampps\www\AirlinesTravel\vendor\robmorgan\phinx\src\Phinx\Db\Adapter\PdoAdapter.php on line 167
Stack Trace:
#0 C:\Program Files (x86)\Ampps\www\AirlinesTravel\vendor\robmorgan\phinx\src\Phinx\Db\Adapter\PdoAdapter.php(167): PDO->exec('CREATE INDEX `f...')
#1 C:\Program Files (x86)\Ampps\www\AirlinesTravel\vendor\robmorgan\phinx\src\Phinx\Db\Util\AlterInstructions.php(137): Phinx\Db\Adapter\PdoAdapter->execute('CREATE INDEX `f...')
#2 C:\Program Files (x86)\Ampps\www\AirlinesTravel\vendor\robmorgan\phinx\src\Phinx\Db\Adapter\PdoAdapter.php(518): Phinx\Db\Util\AlterInstructions->execute('ALTER TABLE `fl...', Array)
#3 C:\Program Files (x86)\Ampps\www\AirlinesTravel\vendor\robmorgan\phinx\src\Phinx\Db\Adapter\PdoAdapter.php(602): Phinx\Db\Adapter\PdoAdapter->executeAlterSteps('flights', Object(Phinx\Db\Util\AlterInstructions))
#4 C:\Program Files (x86)\Ampps\www\AirlinesTravel\vendor\robmorgan\phinx\src\Phinx\Db\Adapter\SQLiteAdapter.php(247): Phinx\Db\Adapter\PdoAdapter->addIndex(Object(Phinx\Db\Table\Table), Object(Phinx\Db\Table\Index))
#5 C:\Program Files (x86)\Ampps\www\AirlinesTravel\vendor\robmorgan\phinx\src\Phinx\Db\Adapter\AdapterWrapper.php(349): Phinx\Db\Adapter\SQLiteAdapter->createTable(Object(Phinx\Db\Table\Table), Array, Array)
#6 C:\Program Files (x86)\Ampps\www\AirlinesTravel\vendor\robmorgan\phinx\src\Phinx\Db\Adapter\TimedOutputAdapter.php(138): Phinx\Db\Adapter\AdapterWrapper->createTable(Object(Phinx\Db\Table\Table), Array, Array)
#7 C:\Program Files (x86)\Ampps\www\AirlinesTravel\vendor\robmorgan\phinx\src\Phinx\Db\Adapter\AdapterWrapper.php(349): Phinx\Db\Adapter\TimedOutputAdapter->createTable(Object(Phinx\Db\Table\Table), Array, Array)
#8 C:\Program Files (x86)\Ampps\www\AirlinesTravel\vendor\robmorgan\phinx\src\Phinx\Db\Plan\Plan.php(138): Phinx\Db\Adapter\AdapterWrapper->createTable(Object(Phinx\Db\Table\Table), Array, Array)
#9 C:\Program Files (x86)\Ampps\www\AirlinesTravel\vendor\robmorgan\phinx\src\Phinx\Db\Table.php(717): Phinx\Db\Plan\Plan->execute(Object(Migrations\CakeAdapter))
#10 C:\Program Files (x86)\Ampps\www\AirlinesTravel\vendor\robmorgan\phinx\src\Phinx\Db\Table.php(611): Phinx\Db\Table->executeActions(false)
#11 C:\Program Files (x86)\Ampps\www\AirlinesTravel\vendor\cakephp\migrations\src\Table.php(91): Phinx\Db\Table->create()
#12 C:\Program Files (x86)\Ampps\www\AirlinesTravel\config\Migrations\20181010191559_Initial.php(201): Migrations\Table->create()
#13 C:\Program Files (x86)\Ampps\www\AirlinesTravel\vendor\robmorgan\phinx\src\Phinx\Migration\Manager\Environment.php(128): Initial->up()
#14 C:\Program Files (x86)\Ampps\www\AirlinesTravel\vendor\robmorgan\phinx\src\Phinx\Migration\Manager.php(387): Phinx\Migration\Manager\Environment->executeMigration(Object(Initial), 'up', false)
#15 C:\Program Files (x86)\Ampps\www\AirlinesTravel\vendor\robmorgan\phinx\src\Phinx\Migration\Manager.php(361): Phinx\Migration\Manager->executeMigration('default', Object(Initial), 'up', false)
#16 C:\Program Files (x86)\Ampps\www\AirlinesTravel\vendor\robmorgan\phinx\src\Phinx\Console\Command\Migrate.php(121): Phinx\Migration\Manager->migrate('default', '20181010191559', false)
#17 C:\Program Files (x86)\Ampps\www\AirlinesTravel\vendor\cakephp\migrations\src\Command\CommandTrait.php(35): Phinx\Console\Command\Migrate->execute(Object(Symfony\Component\Console\Input\ArgvInput), Object(Symfony\Component\Console\Output\ConsoleOutput))
#18 C:\Program Files (x86)\Ampps\www\AirlinesTravel\vendor\cakephp\migrations\src\Command\Migrate.php(67): Migrations\Command\Migrate->parentExecute(Object(Symfony\Component\Console\Input\ArgvInput), Object(Symfony\Component\Console\Output\ConsoleOutput))
#19 C:\Program Files (x86)\Ampps\www\AirlinesTravel\vendor\symfony\console\Command\Command.php(251): Migrations\Command\Migrate->execute(Object(Symfony\Component\Console\Input\ArgvInput), Object(Symfony\Component\Console\Output\ConsoleOutput))
#20 C:\Program Files (x86)\Ampps\www\AirlinesTravel\vendor\symfony\console\Application.php(886): Symfony\Component\Console\Command\Command->run(Object(Symfony\Component\Console\Input\ArgvInput), Object(Symfony\Component\Console\Output\ConsoleOutput))
#21 C:\Program Files (x86)\Ampps\www\AirlinesTravel\vendor\symfony\console\Application.php(262): Symfony\Component\Console\Application->doRunCommand(Object(Migrations\Command\Migrate), Object(Symfony\Component\Console\Input\ArgvInput), Object(Symfony\Component\Console\Output\ConsoleOutput))
#22 C:\Program Files (x86)\Ampps\www\AirlinesTravel\vendor\symfony\console\Application.php(145): Symfony\Component\Console\Application->doRun(Object(Symfony\Component\Console\Input\ArgvInput), Object(Symfony\Component\Console\Output\ConsoleOutput))
#23 C:\Program Files (x86)\Ampps\www\AirlinesTravel\vendor\cakephp\migrations\src\Shell\MigrationsShell.php(108): Symfony\Component\Console\Application->run(Object(Symfony\Component\Console\Input\ArgvInput), Object(Symfony\Component\Console\Output\ConsoleOutput))
#24 C:\Program Files (x86)\Ampps\www\AirlinesTravel\vendor\cakephp\cakephp\src\Console\Shell.php(532): Migrations\Shell\MigrationsShell->main('migrations', 'migrate')
#25 C:\Program Files (x86)\Ampps\www\AirlinesTravel\vendor\cakephp\migrations\src\Shell\MigrationsShell.php(164): Cake\Console\Shell->runCommand(Array, true, Array)
#26 C:\Program Files (x86)\Ampps\www\AirlinesTravel\vendor\cakephp\cakephp\src\Console\CommandRunner.php(342): Migrations\Shell\MigrationsShell->runCommand(Array, true)
#27 C:\Program Files (x86)\Ampps\www\AirlinesTravel\vendor\cakephp\cakephp\src\Console\CommandRunner.php(164): Cake\Console\CommandRunner->runShell(Object(Migrations\Shell\MigrationsShell), Array)
#28 C:\Program Files (x86)\Ampps\www\AirlinesTravel\bin\cake.php(12): Cake\Console\CommandRunner->run(Array)
#29 {main}


2018-10-10 19:26:08 Error: [PDOException] SQLSTATE[HY000]: General error: 1 near ")": syntax error in C:\Program Files (x86)\Ampps\www\AirlinesTravel\vendor\robmorgan\phinx\src\Phinx\Db\Adapter\PdoAdapter.php on line 293
Stack Trace:
#0 C:\Program Files (x86)\Ampps\www\AirlinesTravel\vendor\robmorgan\phinx\src\Phinx\Db\Adapter\PdoAdapter.php(293): PDO->prepare('INSERT INTO `ai...')
#1 C:\Program Files (x86)\Ampps\www\AirlinesTravel\vendor\robmorgan\phinx\src\Phinx\Db\Adapter\AdapterWrapper.php(193): Phinx\Db\Adapter\PdoAdapter->bulkinsert(Object(Phinx\Db\Table\Table), Array)
#2 C:\Program Files (x86)\Ampps\www\AirlinesTravel\vendor\robmorgan\phinx\src\Phinx\Db\Adapter\TimedOutputAdapter.php(127): Phinx\Db\Adapter\AdapterWrapper->bulkinsert(Object(Phinx\Db\Table\Table), Array)
#3 C:\Program Files (x86)\Ampps\www\AirlinesTravel\vendor\robmorgan\phinx\src\Phinx\Db\Adapter\AdapterWrapper.php(193): Phinx\Db\Adapter\TimedOutputAdapter->bulkinsert(Object(Phinx\Db\Table\Table), Array)
#4 C:\Program Files (x86)\Ampps\www\AirlinesTravel\vendor\robmorgan\phinx\src\Phinx\Db\Table.php(653): Phinx\Db\Adapter\AdapterWrapper->bulkinsert(Object(Phinx\Db\Table\Table), Array)
#5 C:\Program Files (x86)\Ampps\www\AirlinesTravel\vendor\robmorgan\phinx\src\Phinx\Db\Table.php(625): Phinx\Db\Table->saveData()
#6 C:\Program Files (x86)\Ampps\www\AirlinesTravel\vendor\robmorgan\phinx\src\Phinx\Db\Table.php(683): Phinx\Db\Table->update()
#7 C:\Program Files (x86)\Ampps\www\AirlinesTravel\config\Seeds\AirportsFilesSeed.php(25): Phinx\Db\Table->save()
#8 C:\Program Files (x86)\Ampps\www\AirlinesTravel\vendor\robmorgan\phinx\src\Phinx\Migration\Manager\Environment.php(158): AirportsFilesSeed->run()
#9 C:\Program Files (x86)\Ampps\www\AirlinesTravel\vendor\robmorgan\phinx\src\Phinx\Migration\Manager.php(417): Phinx\Migration\Manager\Environment->executeSeed(Object(AirportsFilesSeed))
#10 C:\Program Files (x86)\Ampps\www\AirlinesTravel\vendor\robmorgan\phinx\src\Phinx\Migration\Manager.php(560): Phinx\Migration\Manager->executeSeed('default', Object(AirportsFilesSeed))
#11 C:\Program Files (x86)\Ampps\www\AirlinesTravel\vendor\robmorgan\phinx\src\Phinx\Console\Command\SeedRun.php(115): Phinx\Migration\Manager->seed('default', 'AirportsFilesSe...')
#12 C:\Program Files (x86)\Ampps\www\AirlinesTravel\vendor\cakephp\migrations\src\Command\CommandTrait.php(35): Phinx\Console\Command\SeedRun->execute(Object(Symfony\Component\Console\Input\ArgvInput), Object(Symfony\Component\Console\Output\ConsoleOutput))
#13 C:\Program Files (x86)\Ampps\www\AirlinesTravel\vendor\cakephp\migrations\src\Command\Seed.php(72): Migrations\Command\Seed->parentExecute(Object(Symfony\Component\Console\Input\ArgvInput), Object(Symfony\Component\Console\Output\ConsoleOutput))
#14 C:\Program Files (x86)\Ampps\www\AirlinesTravel\vendor\symfony\console\Command\Command.php(251): Migrations\Command\Seed->execute(Object(Symfony\Component\Console\Input\ArgvInput), Object(Symfony\Component\Console\Output\ConsoleOutput))
#15 C:\Program Files (x86)\Ampps\www\AirlinesTravel\vendor\symfony\console\Application.php(886): Symfony\Component\Console\Command\Command->run(Object(Symfony\Component\Console\Input\ArgvInput), Object(Symfony\Component\Console\Output\ConsoleOutput))
#16 C:\Program Files (x86)\Ampps\www\AirlinesTravel\vendor\symfony\console\Application.php(262): Symfony\Component\Console\Application->doRunCommand(Object(Migrations\Command\Seed), Object(Symfony\Component\Console\Input\ArgvInput), Object(Symfony\Component\Console\Output\ConsoleOutput))
#17 C:\Program Files (x86)\Ampps\www\AirlinesTravel\vendor\symfony\console\Application.php(145): Symfony\Component\Console\Application->doRun(Object(Symfony\Component\Console\Input\ArgvInput), Object(Symfony\Component\Console\Output\ConsoleOutput))
#18 C:\Program Files (x86)\Ampps\www\AirlinesTravel\vendor\cakephp\migrations\src\Shell\MigrationsShell.php(108): Symfony\Component\Console\Application->run(Object(Symfony\Component\Console\Input\ArgvInput), Object(Symfony\Component\Console\Output\ConsoleOutput))
#19 C:\Program Files (x86)\Ampps\www\AirlinesTravel\vendor\cakephp\cakephp\src\Console\Shell.php(532): Migrations\Shell\MigrationsShell->main('migrations', 'seed')
#20 C:\Program Files (x86)\Ampps\www\AirlinesTravel\vendor\cakephp\migrations\src\Shell\MigrationsShell.php(164): Cake\Console\Shell->runCommand(Array, true, Array)
#21 C:\Program Files (x86)\Ampps\www\AirlinesTravel\vendor\cakephp\cakephp\src\Console\CommandRunner.php(342): Migrations\Shell\MigrationsShell->runCommand(Array, true)
#22 C:\Program Files (x86)\Ampps\www\AirlinesTravel\vendor\cakephp\cakephp\src\Console\CommandRunner.php(164): Cake\Console\CommandRunner->runShell(Object(Migrations\Shell\MigrationsShell), Array)
#23 C:\Program Files (x86)\Ampps\www\AirlinesTravel\bin\cake.php(12): Cake\Console\CommandRunner->run(Array)
#24 {main}


2018-10-10 19:30:14 Error: [PDOException] SQLSTATE[HY000]: General error: 1 near ")": syntax error in C:\Program Files (x86)\Ampps\www\AirlinesTravel\vendor\robmorgan\phinx\src\Phinx\Db\Adapter\PdoAdapter.php on line 293
Stack Trace:
#0 C:\Program Files (x86)\Ampps\www\AirlinesTravel\vendor\robmorgan\phinx\src\Phinx\Db\Adapter\PdoAdapter.php(293): PDO->prepare('INSERT INTO `ai...')
#1 C:\Program Files (x86)\Ampps\www\AirlinesTravel\vendor\robmorgan\phinx\src\Phinx\Db\Adapter\AdapterWrapper.php(193): Phinx\Db\Adapter\PdoAdapter->bulkinsert(Object(Phinx\Db\Table\Table), Array)
#2 C:\Program Files (x86)\Ampps\www\AirlinesTravel\vendor\robmorgan\phinx\src\Phinx\Db\Adapter\TimedOutputAdapter.php(127): Phinx\Db\Adapter\AdapterWrapper->bulkinsert(Object(Phinx\Db\Table\Table), Array)
#3 C:\Program Files (x86)\Ampps\www\AirlinesTravel\vendor\robmorgan\phinx\src\Phinx\Db\Adapter\AdapterWrapper.php(193): Phinx\Db\Adapter\TimedOutputAdapter->bulkinsert(Object(Phinx\Db\Table\Table), Array)
#4 C:\Program Files (x86)\Ampps\www\AirlinesTravel\vendor\robmorgan\phinx\src\Phinx\Db\Table.php(653): Phinx\Db\Adapter\AdapterWrapper->bulkinsert(Object(Phinx\Db\Table\Table), Array)
#5 C:\Program Files (x86)\Ampps\www\AirlinesTravel\vendor\robmorgan\phinx\src\Phinx\Db\Table.php(625): Phinx\Db\Table->saveData()
#6 C:\Program Files (x86)\Ampps\www\AirlinesTravel\vendor\robmorgan\phinx\src\Phinx\Db\Table.php(683): Phinx\Db\Table->update()
#7 C:\Program Files (x86)\Ampps\www\AirlinesTravel\config\Seeds\AirportsFilesSeed.php(25): Phinx\Db\Table->save()
#8 C:\Program Files (x86)\Ampps\www\AirlinesTravel\vendor\robmorgan\phinx\src\Phinx\Migration\Manager\Environment.php(158): AirportsFilesSeed->run()
#9 C:\Program Files (x86)\Ampps\www\AirlinesTravel\vendor\robmorgan\phinx\src\Phinx\Migration\Manager.php(417): Phinx\Migration\Manager\Environment->executeSeed(Object(AirportsFilesSeed))
#10 C:\Program Files (x86)\Ampps\www\AirlinesTravel\vendor\robmorgan\phinx\src\Phinx\Migration\Manager.php(560): Phinx\Migration\Manager->executeSeed('default', Object(AirportsFilesSeed))
#11 C:\Program Files (x86)\Ampps\www\AirlinesTravel\vendor\robmorgan\phinx\src\Phinx\Console\Command\SeedRun.php(115): Phinx\Migration\Manager->seed('default', 'AirportsFilesSe...')
#12 C:\Program Files (x86)\Ampps\www\AirlinesTravel\vendor\cakephp\migrations\src\Command\CommandTrait.php(35): Phinx\Console\Command\SeedRun->execute(Object(Symfony\Component\Console\Input\ArgvInput), Object(Symfony\Component\Console\Output\ConsoleOutput))
#13 C:\Program Files (x86)\Ampps\www\AirlinesTravel\vendor\cakephp\migrations\src\Command\Seed.php(72): Migrations\Command\Seed->parentExecute(Object(Symfony\Component\Console\Input\ArgvInput), Object(Symfony\Component\Console\Output\ConsoleOutput))
#14 C:\Program Files (x86)\Ampps\www\AirlinesTravel\vendor\symfony\console\Command\Command.php(251): Migrations\Command\Seed->execute(Object(Symfony\Component\Console\Input\ArgvInput), Object(Symfony\Component\Console\Output\ConsoleOutput))
#15 C:\Program Files (x86)\Ampps\www\AirlinesTravel\vendor\symfony\console\Application.php(886): Symfony\Component\Console\Command\Command->run(Object(Symfony\Component\Console\Input\ArgvInput), Object(Symfony\Component\Console\Output\ConsoleOutput))
#16 C:\Program Files (x86)\Ampps\www\AirlinesTravel\vendor\symfony\console\Application.php(262): Symfony\Component\Console\Application->doRunCommand(Object(Migrations\Command\Seed), Object(Symfony\Component\Console\Input\ArgvInput), Object(Symfony\Component\Console\Output\ConsoleOutput))
#17 C:\Program Files (x86)\Ampps\www\AirlinesTravel\vendor\symfony\console\Application.php(145): Symfony\Component\Console\Application->doRun(Object(Symfony\Component\Console\Input\ArgvInput), Object(Symfony\Component\Console\Output\ConsoleOutput))
#18 C:\Program Files (x86)\Ampps\www\AirlinesTravel\vendor\cakephp\migrations\src\Shell\MigrationsShell.php(108): Symfony\Component\Console\Application->run(Object(Symfony\Component\Console\Input\ArgvInput), Object(Symfony\Component\Console\Output\ConsoleOutput))
#19 C:\Program Files (x86)\Ampps\www\AirlinesTravel\vendor\cakephp\cakephp\src\Console\Shell.php(532): Migrations\Shell\MigrationsShell->main('migrations', 'seed')
#20 C:\Program Files (x86)\Ampps\www\AirlinesTravel\vendor\cakephp\migrations\src\Shell\MigrationsShell.php(164): Cake\Console\Shell->runCommand(Array, true, Array)
#21 C:\Program Files (x86)\Ampps\www\AirlinesTravel\vendor\cakephp\cakephp\src\Console\CommandRunner.php(342): Migrations\Shell\MigrationsShell->runCommand(Array, true)
#22 C:\Program Files (x86)\Ampps\www\AirlinesTravel\vendor\cakephp\cakephp\src\Console\CommandRunner.php(164): Cake\Console\CommandRunner->runShell(Object(Migrations\Shell\MigrationsShell), Array)
#23 C:\Program Files (x86)\Ampps\www\AirlinesTravel\bin\cake.php(12): Cake\Console\CommandRunner->run(Array)
#24 {main}


2018-10-10 19:30:48 Error: [PDOException] SQLSTATE[HY000]: General error: 1 near ")": syntax error in C:\Program Files (x86)\Ampps\www\AirlinesTravel\vendor\robmorgan\phinx\src\Phinx\Db\Adapter\PdoAdapter.php on line 293
Stack Trace:
#0 C:\Program Files (x86)\Ampps\www\AirlinesTravel\vendor\robmorgan\phinx\src\Phinx\Db\Adapter\PdoAdapter.php(293): PDO->prepare('INSERT INTO `ai...')
#1 C:\Program Files (x86)\Ampps\www\AirlinesTravel\vendor\robmorgan\phinx\src\Phinx\Db\Adapter\AdapterWrapper.php(193): Phinx\Db\Adapter\PdoAdapter->bulkinsert(Object(Phinx\Db\Table\Table), Array)
#2 C:\Program Files (x86)\Ampps\www\AirlinesTravel\vendor\robmorgan\phinx\src\Phinx\Db\Adapter\TimedOutputAdapter.php(127): Phinx\Db\Adapter\AdapterWrapper->bulkinsert(Object(Phinx\Db\Table\Table), Array)
#3 C:\Program Files (x86)\Ampps\www\AirlinesTravel\vendor\robmorgan\phinx\src\Phinx\Db\Adapter\AdapterWrapper.php(193): Phinx\Db\Adapter\TimedOutputAdapter->bulkinsert(Object(Phinx\Db\Table\Table), Array)
#4 C:\Program Files (x86)\Ampps\www\AirlinesTravel\vendor\robmorgan\phinx\src\Phinx\Db\Table.php(653): Phinx\Db\Adapter\AdapterWrapper->bulkinsert(Object(Phinx\Db\Table\Table), Array)
#5 C:\Program Files (x86)\Ampps\www\AirlinesTravel\vendor\robmorgan\phinx\src\Phinx\Db\Table.php(625): Phinx\Db\Table->saveData()
#6 C:\Program Files (x86)\Ampps\www\AirlinesTravel\vendor\robmorgan\phinx\src\Phinx\Db\Table.php(683): Phinx\Db\Table->update()
#7 C:\Program Files (x86)\Ampps\www\AirlinesTravel\config\Seeds\AirportsTagsSeed.php(25): Phinx\Db\Table->save()
#8 C:\Program Files (x86)\Ampps\www\AirlinesTravel\vendor\robmorgan\phinx\src\Phinx\Migration\Manager\Environment.php(158): AirportsTagsSeed->run()
#9 C:\Program Files (x86)\Ampps\www\AirlinesTravel\vendor\robmorgan\phinx\src\Phinx\Migration\Manager.php(417): Phinx\Migration\Manager\Environment->executeSeed(Object(AirportsTagsSeed))
#10 C:\Program Files (x86)\Ampps\www\AirlinesTravel\vendor\robmorgan\phinx\src\Phinx\Migration\Manager.php(560): Phinx\Migration\Manager->executeSeed('default', Object(AirportsTagsSeed))
#11 C:\Program Files (x86)\Ampps\www\AirlinesTravel\vendor\robmorgan\phinx\src\Phinx\Console\Command\SeedRun.php(115): Phinx\Migration\Manager->seed('default', 'AirportsTagsSee...')
#12 C:\Program Files (x86)\Ampps\www\AirlinesTravel\vendor\cakephp\migrations\src\Command\CommandTrait.php(35): Phinx\Console\Command\SeedRun->execute(Object(Symfony\Component\Console\Input\ArgvInput), Object(Symfony\Component\Console\Output\ConsoleOutput))
#13 C:\Program Files (x86)\Ampps\www\AirlinesTravel\vendor\cakephp\migrations\src\Command\Seed.php(72): Migrations\Command\Seed->parentExecute(Object(Symfony\Component\Console\Input\ArgvInput), Object(Symfony\Component\Console\Output\ConsoleOutput))
#14 C:\Program Files (x86)\Ampps\www\AirlinesTravel\vendor\symfony\console\Command\Command.php(251): Migrations\Command\Seed->execute(Object(Symfony\Component\Console\Input\ArgvInput), Object(Symfony\Component\Console\Output\ConsoleOutput))
#15 C:\Program Files (x86)\Ampps\www\AirlinesTravel\vendor\symfony\console\Application.php(886): Symfony\Component\Console\Command\Command->run(Object(Symfony\Component\Console\Input\ArgvInput), Object(Symfony\Component\Console\Output\ConsoleOutput))
#16 C:\Program Files (x86)\Ampps\www\AirlinesTravel\vendor\symfony\console\Application.php(262): Symfony\Component\Console\Application->doRunCommand(Object(Migrations\Command\Seed), Object(Symfony\Component\Console\Input\ArgvInput), Object(Symfony\Component\Console\Output\ConsoleOutput))
#17 C:\Program Files (x86)\Ampps\www\AirlinesTravel\vendor\symfony\console\Application.php(145): Symfony\Component\Console\Application->doRun(Object(Symfony\Component\Console\Input\ArgvInput), Object(Symfony\Component\Console\Output\ConsoleOutput))
#18 C:\Program Files (x86)\Ampps\www\AirlinesTravel\vendor\cakephp\migrations\src\Shell\MigrationsShell.php(108): Symfony\Component\Console\Application->run(Object(Symfony\Component\Console\Input\ArgvInput), Object(Symfony\Component\Console\Output\ConsoleOutput))
#19 C:\Program Files (x86)\Ampps\www\AirlinesTravel\vendor\cakephp\cakephp\src\Console\Shell.php(532): Migrations\Shell\MigrationsShell->main('migrations', 'seed')
#20 C:\Program Files (x86)\Ampps\www\AirlinesTravel\vendor\cakephp\migrations\src\Shell\MigrationsShell.php(164): Cake\Console\Shell->runCommand(Array, true, Array)
#21 C:\Program Files (x86)\Ampps\www\AirlinesTravel\vendor\cakephp\cakephp\src\Console\CommandRunner.php(342): Migrations\Shell\MigrationsShell->runCommand(Array, true)
#22 C:\Program Files (x86)\Ampps\www\AirlinesTravel\vendor\cakephp\cakephp\src\Console\CommandRunner.php(164): Cake\Console\CommandRunner->runShell(Object(Migrations\Shell\MigrationsShell), Array)
#23 C:\Program Files (x86)\Ampps\www\AirlinesTravel\bin\cake.php(12): Cake\Console\CommandRunner->run(Array)
#24 {main}


2018-10-10 19:31:27 Error: [PDOException] SQLSTATE[HY000]: General error: 1 near ")": syntax error in C:\Program Files (x86)\Ampps\www\AirlinesTravel\vendor\robmorgan\phinx\src\Phinx\Db\Adapter\PdoAdapter.php on line 293
Stack Trace:
#0 C:\Program Files (x86)\Ampps\www\AirlinesTravel\vendor\robmorgan\phinx\src\Phinx\Db\Adapter\PdoAdapter.php(293): PDO->prepare('INSERT INTO `fl...')
#1 C:\Program Files (x86)\Ampps\www\AirlinesTravel\vendor\robmorgan\phinx\src\Phinx\Db\Adapter\AdapterWrapper.php(193): Phinx\Db\Adapter\PdoAdapter->bulkinsert(Object(Phinx\Db\Table\Table), Array)
#2 C:\Program Files (x86)\Ampps\www\AirlinesTravel\vendor\robmorgan\phinx\src\Phinx\Db\Adapter\TimedOutputAdapter.php(127): Phinx\Db\Adapter\AdapterWrapper->bulkinsert(Object(Phinx\Db\Table\Table), Array)
#3 C:\Program Files (x86)\Ampps\www\AirlinesTravel\vendor\robmorgan\phinx\src\Phinx\Db\Adapter\AdapterWrapper.php(193): Phinx\Db\Adapter\TimedOutputAdapter->bulkinsert(Object(Phinx\Db\Table\Table), Array)
#4 C:\Program Files (x86)\Ampps\www\AirlinesTravel\vendor\robmorgan\phinx\src\Phinx\Db\Table.php(653): Phinx\Db\Adapter\AdapterWrapper->bulkinsert(Object(Phinx\Db\Table\Table), Array)
#5 C:\Program Files (x86)\Ampps\www\AirlinesTravel\vendor\robmorgan\phinx\src\Phinx\Db\Table.php(625): Phinx\Db\Table->saveData()
#6 C:\Program Files (x86)\Ampps\www\AirlinesTravel\vendor\robmorgan\phinx\src\Phinx\Db\Table.php(683): Phinx\Db\Table->update()
#7 C:\Program Files (x86)\Ampps\www\AirlinesTravel\config\Seeds\FlightsTagsSeed.php(25): Phinx\Db\Table->save()
#8 C:\Program Files (x86)\Ampps\www\AirlinesTravel\vendor\robmorgan\phinx\src\Phinx\Migration\Manager\Environment.php(158): FlightsTagsSeed->run()
#9 C:\Program Files (x86)\Ampps\www\AirlinesTravel\vendor\robmorgan\phinx\src\Phinx\Migration\Manager.php(417): Phinx\Migration\Manager\Environment->executeSeed(Object(FlightsTagsSeed))
#10 C:\Program Files (x86)\Ampps\www\AirlinesTravel\vendor\robmorgan\phinx\src\Phinx\Migration\Manager.php(560): Phinx\Migration\Manager->executeSeed('default', Object(FlightsTagsSeed))
#11 C:\Program Files (x86)\Ampps\www\AirlinesTravel\vendor\robmorgan\phinx\src\Phinx\Console\Command\SeedRun.php(115): Phinx\Migration\Manager->seed('default', 'FlightsTagsSeed')
#12 C:\Program Files (x86)\Ampps\www\AirlinesTravel\vendor\cakephp\migrations\src\Command\CommandTrait.php(35): Phinx\Console\Command\SeedRun->execute(Object(Symfony\Component\Console\Input\ArgvInput), Object(Symfony\Component\Console\Output\ConsoleOutput))
#13 C:\Program Files (x86)\Ampps\www\AirlinesTravel\vendor\cakephp\migrations\src\Command\Seed.php(72): Migrations\Command\Seed->parentExecute(Object(Symfony\Component\Console\Input\ArgvInput), Object(Symfony\Component\Console\Output\ConsoleOutput))
#14 C:\Program Files (x86)\Ampps\www\AirlinesTravel\vendor\symfony\console\Command\Command.php(251): Migrations\Command\Seed->execute(Object(Symfony\Component\Console\Input\ArgvInput), Object(Symfony\Component\Console\Output\ConsoleOutput))
#15 C:\Program Files (x86)\Ampps\www\AirlinesTravel\vendor\symfony\console\Application.php(886): Symfony\Component\Console\Command\Command->run(Object(Symfony\Component\Console\Input\ArgvInput), Object(Symfony\Component\Console\Output\ConsoleOutput))
#16 C:\Program Files (x86)\Ampps\www\AirlinesTravel\vendor\symfony\console\Application.php(262): Symfony\Component\Console\Application->doRunCommand(Object(Migrations\Command\Seed), Object(Symfony\Component\Console\Input\ArgvInput), Object(Symfony\Component\Console\Output\ConsoleOutput))
#17 C:\Program Files (x86)\Ampps\www\AirlinesTravel\vendor\symfony\console\Application.php(145): Symfony\Component\Console\Application->doRun(Object(Symfony\Component\Console\Input\ArgvInput), Object(Symfony\Component\Console\Output\ConsoleOutput))
#18 C:\Program Files (x86)\Ampps\www\AirlinesTravel\vendor\cakephp\migrations\src\Shell\MigrationsShell.php(108): Symfony\Component\Console\Application->run(Object(Symfony\Component\Console\Input\ArgvInput), Object(Symfony\Component\Console\Output\ConsoleOutput))
#19 C:\Program Files (x86)\Ampps\www\AirlinesTravel\vendor\cakephp\cakephp\src\Console\Shell.php(532): Migrations\Shell\MigrationsShell->main('migrations', 'seed')
#20 C:\Program Files (x86)\Ampps\www\AirlinesTravel\vendor\cakephp\migrations\src\Shell\MigrationsShell.php(164): Cake\Console\Shell->runCommand(Array, true, Array)
#21 C:\Program Files (x86)\Ampps\www\AirlinesTravel\vendor\cakephp\cakephp\src\Console\CommandRunner.php(342): Migrations\Shell\MigrationsShell->runCommand(Array, true)
#22 C:\Program Files (x86)\Ampps\www\AirlinesTravel\vendor\cakephp\cakephp\src\Console\CommandRunner.php(164): Cake\Console\CommandRunner->runShell(Object(Migrations\Shell\MigrationsShell), Array)
#23 C:\Program Files (x86)\Ampps\www\AirlinesTravel\bin\cake.php(12): Cake\Console\CommandRunner->run(Array)
#24 {main}


2018-10-10 19:31:42 Error: [InvalidArgumentException] The seed class "i18nSeed" does not exist in C:\Program Files (x86)\Ampps\www\AirlinesTravel\vendor\robmorgan\phinx\src\Phinx\Migration\Manager.php on line 562
Stack Trace:
#0 C:\Program Files (x86)\Ampps\www\AirlinesTravel\vendor\robmorgan\phinx\src\Phinx\Console\Command\SeedRun.php(115): Phinx\Migration\Manager->seed('default', 'i18nSeed')
#1 C:\Program Files (x86)\Ampps\www\AirlinesTravel\vendor\cakephp\migrations\src\Command\CommandTrait.php(35): Phinx\Console\Command\SeedRun->execute(Object(Symfony\Component\Console\Input\ArgvInput), Object(Symfony\Component\Console\Output\ConsoleOutput))
#2 C:\Program Files (x86)\Ampps\www\AirlinesTravel\vendor\cakephp\migrations\src\Command\Seed.php(72): Migrations\Command\Seed->parentExecute(Object(Symfony\Component\Console\Input\ArgvInput), Object(Symfony\Component\Console\Output\ConsoleOutput))
#3 C:\Program Files (x86)\Ampps\www\AirlinesTravel\vendor\symfony\console\Command\Command.php(251): Migrations\Command\Seed->execute(Object(Symfony\Component\Console\Input\ArgvInput), Object(Symfony\Component\Console\Output\ConsoleOutput))
#4 C:\Program Files (x86)\Ampps\www\AirlinesTravel\vendor\symfony\console\Application.php(886): Symfony\Component\Console\Command\Command->run(Object(Symfony\Component\Console\Input\ArgvInput), Object(Symfony\Component\Console\Output\ConsoleOutput))
#5 C:\Program Files (x86)\Ampps\www\AirlinesTravel\vendor\symfony\console\Application.php(262): Symfony\Component\Console\Application->doRunCommand(Object(Migrations\Command\Seed), Object(Symfony\Component\Console\Input\ArgvInput), Object(Symfony\Component\Console\Output\ConsoleOutput))
#6 C:\Program Files (x86)\Ampps\www\AirlinesTravel\vendor\symfony\console\Application.php(145): Symfony\Component\Console\Application->doRun(Object(Symfony\Component\Console\Input\ArgvInput), Object(Symfony\Component\Console\Output\ConsoleOutput))
#7 C:\Program Files (x86)\Ampps\www\AirlinesTravel\vendor\cakephp\migrations\src\Shell\MigrationsShell.php(108): Symfony\Component\Console\Application->run(Object(Symfony\Component\Console\Input\ArgvInput), Object(Symfony\Component\Console\Output\ConsoleOutput))
#8 C:\Program Files (x86)\Ampps\www\AirlinesTravel\vendor\cakephp\cakephp\src\Console\Shell.php(532): Migrations\Shell\MigrationsShell->main('migrations', 'seed')
#9 C:\Program Files (x86)\Ampps\www\AirlinesTravel\vendor\cakephp\migrations\src\Shell\MigrationsShell.php(164): Cake\Console\Shell->runCommand(Array, true, Array)
#10 C:\Program Files (x86)\Ampps\www\AirlinesTravel\vendor\cakephp\cakephp\src\Console\CommandRunner.php(342): Migrations\Shell\MigrationsShell->runCommand(Array, true)
#11 C:\Program Files (x86)\Ampps\www\AirlinesTravel\vendor\cakephp\cakephp\src\Console\CommandRunner.php(164): Cake\Console\CommandRunner->runShell(Object(Migrations\Shell\MigrationsShell), Array)
#12 C:\Program Files (x86)\Ampps\www\AirlinesTravel\bin\cake.php(12): Cake\Console\CommandRunner->run(Array)
#13 {main}


2018-10-10 19:32:19 Error: [PDOException] SQLSTATE[HY000]: General error: 1 near ")": syntax error in C:\Program Files (x86)\Ampps\www\AirlinesTravel\vendor\robmorgan\phinx\src\Phinx\Db\Adapter\PdoAdapter.php on line 293
Stack Trace:
#0 C:\Program Files (x86)\Ampps\www\AirlinesTravel\vendor\robmorgan\phinx\src\Phinx\Db\Adapter\PdoAdapter.php(293): PDO->prepare('INSERT INTO `ta...')
#1 C:\Program Files (x86)\Ampps\www\AirlinesTravel\vendor\robmorgan\phinx\src\Phinx\Db\Adapter\AdapterWrapper.php(193): Phinx\Db\Adapter\PdoAdapter->bulkinsert(Object(Phinx\Db\Table\Table), Array)
#2 C:\Program Files (x86)\Ampps\www\AirlinesTravel\vendor\robmorgan\phinx\src\Phinx\Db\Adapter\TimedOutputAdapter.php(127): Phinx\Db\Adapter\AdapterWrapper->bulkinsert(Object(Phinx\Db\Table\Table), Array)
#3 C:\Program Files (x86)\Ampps\www\AirlinesTravel\vendor\robmorgan\phinx\src\Phinx\Db\Adapter\AdapterWrapper.php(193): Phinx\Db\Adapter\TimedOutputAdapter->bulkinsert(Object(Phinx\Db\Table\Table), Array)
#4 C:\Program Files (x86)\Ampps\www\AirlinesTravel\vendor\robmorgan\phinx\src\Phinx\Db\Table.php(653): Phinx\Db\Adapter\AdapterWrapper->bulkinsert(Object(Phinx\Db\Table\Table), Array)
#5 C:\Program Files (x86)\Ampps\www\AirlinesTravel\vendor\robmorgan\phinx\src\Phinx\Db\Table.php(625): Phinx\Db\Table->saveData()
#6 C:\Program Files (x86)\Ampps\www\AirlinesTravel\vendor\robmorgan\phinx\src\Phinx\Db\Table.php(683): Phinx\Db\Table->update()
#7 C:\Program Files (x86)\Ampps\www\AirlinesTravel\config\Seeds\TagsSeed.php(25): Phinx\Db\Table->save()
#8 C:\Program Files (x86)\Ampps\www\AirlinesTravel\vendor\robmorgan\phinx\src\Phinx\Migration\Manager\Environment.php(158): TagsSeed->run()
#9 C:\Program Files (x86)\Ampps\www\AirlinesTravel\vendor\robmorgan\phinx\src\Phinx\Migration\Manager.php(417): Phinx\Migration\Manager\Environment->executeSeed(Object(TagsSeed))
#10 C:\Program Files (x86)\Ampps\www\AirlinesTravel\vendor\robmorgan\phinx\src\Phinx\Migration\Manager.php(560): Phinx\Migration\Manager->executeSeed('default', Object(TagsSeed))
#11 C:\Program Files (x86)\Ampps\www\AirlinesTravel\vendor\robmorgan\phinx\src\Phinx\Console\Command\SeedRun.php(115): Phinx\Migration\Manager->seed('default', 'TagsSeed')
#12 C:\Program Files (x86)\Ampps\www\AirlinesTravel\vendor\cakephp\migrations\src\Command\CommandTrait.php(35): Phinx\Console\Command\SeedRun->execute(Object(Symfony\Component\Console\Input\ArgvInput), Object(Symfony\Component\Console\Output\ConsoleOutput))
#13 C:\Program Files (x86)\Ampps\www\AirlinesTravel\vendor\cakephp\migrations\src\Command\Seed.php(72): Migrations\Command\Seed->parentExecute(Object(Symfony\Component\Console\Input\ArgvInput), Object(Symfony\Component\Console\Output\ConsoleOutput))
#14 C:\Program Files (x86)\Ampps\www\AirlinesTravel\vendor\symfony\console\Command\Command.php(251): Migrations\Command\Seed->execute(Object(Symfony\Component\Console\Input\ArgvInput), Object(Symfony\Component\Console\Output\ConsoleOutput))
#15 C:\Program Files (x86)\Ampps\www\AirlinesTravel\vendor\symfony\console\Application.php(886): Symfony\Component\Console\Command\Command->run(Object(Symfony\Component\Console\Input\ArgvInput), Object(Symfony\Component\Console\Output\ConsoleOutput))
#16 C:\Program Files (x86)\Ampps\www\AirlinesTravel\vendor\symfony\console\Application.php(262): Symfony\Component\Console\Application->doRunCommand(Object(Migrations\Command\Seed), Object(Symfony\Component\Console\Input\ArgvInput), Object(Symfony\Component\Console\Output\ConsoleOutput))
#17 C:\Program Files (x86)\Ampps\www\AirlinesTravel\vendor\symfony\console\Application.php(145): Symfony\Component\Console\Application->doRun(Object(Symfony\Component\Console\Input\ArgvInput), Object(Symfony\Component\Console\Output\ConsoleOutput))
#18 C:\Program Files (x86)\Ampps\www\AirlinesTravel\vendor\cakephp\migrations\src\Shell\MigrationsShell.php(108): Symfony\Component\Console\Application->run(Object(Symfony\Component\Console\Input\ArgvInput), Object(Symfony\Component\Console\Output\ConsoleOutput))
#19 C:\Program Files (x86)\Ampps\www\AirlinesTravel\vendor\cakephp\cakephp\src\Console\Shell.php(532): Migrations\Shell\MigrationsShell->main('migrations', 'seed')
#20 C:\Program Files (x86)\Ampps\www\AirlinesTravel\vendor\cakephp\migrations\src\Shell\MigrationsShell.php(164): Cake\Console\Shell->runCommand(Array, true, Array)
#21 C:\Program Files (x86)\Ampps\www\AirlinesTravel\vendor\cakephp\cakephp\src\Console\CommandRunner.php(342): Migrations\Shell\MigrationsShell->runCommand(Array, true)
#22 C:\Program Files (x86)\Ampps\www\AirlinesTravel\vendor\cakephp\cakephp\src\Console\CommandRunner.php(164): Cake\Console\CommandRunner->runShell(Object(Migrations\Shell\MigrationsShell), Array)
#23 C:\Program Files (x86)\Ampps\www\AirlinesTravel\bin\cake.php(12): Cake\Console\CommandRunner->run(Array)
#24 {main}


