2018-09-24 17:18:05 Notice: Deprecated (16384): ServerRequest::session() is deprecated. Use getSession() instead. The setter part will be removed. - C:\Program Files (x86)\Ampps\www\AirlinesTravel\src\Controller\AppController.php, line: 13
 You can disable deprecation warnings by setting `Error.errorLevel` to `E_ALL & ~E_USER_DEPRECATED` in your config/app.php. in [C:\Program Files (x86)\Ampps\www\AirlinesTravel\vendor\cakephp\cakephp\src\Core\functions.php, line 310]
Trace:
Cake\Error\BaseErrorHandler::handleError() - CORE\src\Error\BaseErrorHandler.php, line 159
deprecationWarning - CORE\src\Core\functions.php, line 310
Cake\Http\ServerRequest::session() - CORE\src\Http\ServerRequest.php, line 563
App\Controller\AppController::initialize() - APP/Controller\AppController.php, line 13
Cake\Controller\Controller::__construct() - CORE\src\Controller\Controller.php, line 272
Bake\Shell\Task\TestTask::buildTestSubject() - ROOT\vendor\cakephp\bake\src\Shell\Task\TestTask.php, line 330
Bake\Shell\Task\TestTask::bake() - ROOT\vendor\cakephp\bake\src\Shell\Task\TestTask.php, line 237
Bake\Shell\Task\ControllerTask::bakeTest() - ROOT\vendor\cakephp\bake\src\Shell\Task\ControllerTask.php, line 214
Bake\Shell\Task\ControllerTask::bake() - ROOT\vendor\cakephp\bake\src\Shell\Task\ControllerTask.php, line 163
Bake\Shell\Task\ControllerTask::main() - ROOT\vendor\cakephp\bake\src\Shell\Task\ControllerTask.php, line 69
Bake\Shell\BakeShell::Bake\Shell\{closure}() - ROOT\vendor\cakephp\bake\src\Shell\BakeShell.php, line 273
Cake\Collection\Collection::each() - CORE\src\Collection\CollectionTrait.php, line 51
Bake\Shell\BakeShell::all() - ROOT\vendor\cakephp\bake\src\Shell\BakeShell.php, line 274
Cake\Console\Shell::runCommand() - CORE\src\Console\Shell.php, line 518
Cake\Console\CommandRunner::runShell() - CORE\src\Console\CommandRunner.php, line 342
Cake\Console\CommandRunner::run() - CORE\src\Console\CommandRunner.php, line 164
[main] - ROOT\bin\cake.php, line 12



2018-09-27 12:16:03 Notice: Deprecated (16384): ServerRequest::session() is deprecated. Use getSession() instead. The setter part will be removed. - C:\Program Files (x86)\Ampps\www\AirlinesTravel\src\Controller\AppController.php, line: 13
 You can disable deprecation warnings by setting `Error.errorLevel` to `E_ALL & ~E_USER_DEPRECATED` in your config/app.php. in [C:\Program Files (x86)\Ampps\www\AirlinesTravel\vendor\cakephp\cakephp\src\Core\functions.php, line 310]
Trace:
Cake\Error\BaseErrorHandler::handleError() - CORE\src\Error\BaseErrorHandler.php, line 159
deprecationWarning - CORE\src\Core\functions.php, line 310
Cake\Http\ServerRequest::session() - CORE\src\Http\ServerRequest.php, line 563
App\Controller\AppController::initialize() - APP/Controller\AppController.php, line 13
Cake\Controller\Controller::__construct() - CORE\src\Controller\Controller.php, line 272
Bake\Shell\Task\TestTask::buildTestSubject() - ROOT\vendor\cakephp\bake\src\Shell\Task\TestTask.php, line 330
Bake\Shell\Task\TestTask::bake() - ROOT\vendor\cakephp\bake\src\Shell\Task\TestTask.php, line 237
Bake\Shell\Task\ControllerTask::bakeTest() - ROOT\vendor\cakephp\bake\src\Shell\Task\ControllerTask.php, line 214
Bake\Shell\Task\ControllerTask::bake() - ROOT\vendor\cakephp\bake\src\Shell\Task\ControllerTask.php, line 163
Bake\Shell\Task\ControllerTask::main() - ROOT\vendor\cakephp\bake\src\Shell\Task\ControllerTask.php, line 69
Bake\Shell\BakeShell::Bake\Shell\{closure}() - ROOT\vendor\cakephp\bake\src\Shell\BakeShell.php, line 273
Cake\Collection\Collection::each() - CORE\src\Collection\CollectionTrait.php, line 51
Bake\Shell\BakeShell::all() - ROOT\vendor\cakephp\bake\src\Shell\BakeShell.php, line 274
Cake\Console\Shell::runCommand() - CORE\src\Console\Shell.php, line 518
Cake\Console\CommandRunner::runShell() - CORE\src\Console\CommandRunner.php, line 342
Cake\Console\CommandRunner::run() - CORE\src\Console\CommandRunner.php, line 164
[main] - ROOT\bin\cake.php, line 12



2018-11-05 16:18:14 Notice: Deprecated (16384): ServerRequest::session() is deprecated. Use getSession() instead. The setter part will be removed. - C:\Program Files (x86)\Ampps\www\AirlinesTravel\src\Controller\AppController.php, line: 13
 You can disable deprecation warnings by setting `Error.errorLevel` to `E_ALL & ~E_USER_DEPRECATED` in your config/app.php. in [C:\Program Files (x86)\Ampps\www\AirlinesTravel\vendor\cakephp\cakephp\src\Core\functions.php, line 310]
Trace:
Cake\Error\BaseErrorHandler::handleError() - CORE\src\Error\BaseErrorHandler.php, line 159
deprecationWarning - CORE\src\Core\functions.php, line 310
Cake\Http\ServerRequest::session() - CORE\src\Http\ServerRequest.php, line 563
App\Controller\AppController::initialize() - APP/Controller\AppController.php, line 13
Cake\Controller\Controller::__construct() - CORE\src\Controller\Controller.php, line 272
Bake\Shell\Task\TestTask::buildTestSubject() - ROOT\vendor\cakephp\bake\src\Shell\Task\TestTask.php, line 330
Bake\Shell\Task\TestTask::bake() - ROOT\vendor\cakephp\bake\src\Shell\Task\TestTask.php, line 237
Bake\Shell\Task\ControllerTask::bakeTest() - ROOT\vendor\cakephp\bake\src\Shell\Task\ControllerTask.php, line 214
Bake\Shell\Task\ControllerTask::bake() - ROOT\vendor\cakephp\bake\src\Shell\Task\ControllerTask.php, line 163
Bake\Shell\Task\ControllerTask::main() - ROOT\vendor\cakephp\bake\src\Shell\Task\ControllerTask.php, line 69
Cake\Console\Shell::runCommand() - CORE\src\Console\Shell.php, line 532
Cake\Console\Shell::runCommand() - CORE\src\Console\Shell.php, line 525
Cake\Console\CommandRunner::runShell() - CORE\src\Console\CommandRunner.php, line 342
Cake\Console\CommandRunner::run() - CORE\src\Console\CommandRunner.php, line 164
[main] - ROOT\bin\cake.php, line 12



2018-11-06 16:40:59 Notice: Deprecated (16384): ServerRequest::session() is deprecated. Use getSession() instead. The setter part will be removed. - C:\Program Files (x86)\Ampps\www\AirlinesTravel\src\Controller\AppController.php, line: 13
 You can disable deprecation warnings by setting `Error.errorLevel` to `E_ALL & ~E_USER_DEPRECATED` in your config/app.php. in [C:\Program Files (x86)\Ampps\www\AirlinesTravel\vendor\cakephp\cakephp\src\Core\functions.php, line 310]
Trace:
Cake\Error\BaseErrorHandler::handleError() - CORE\src\Error\BaseErrorHandler.php, line 159
deprecationWarning - CORE\src\Core\functions.php, line 310
Cake\Http\ServerRequest::session() - CORE\src\Http\ServerRequest.php, line 563
App\Controller\AppController::initialize() - APP/Controller\AppController.php, line 13
Cake\Controller\Controller::__construct() - CORE\src\Controller\Controller.php, line 272
Bake\Shell\Task\TestTask::buildTestSubject() - ROOT\vendor\cakephp\bake\src\Shell\Task\TestTask.php, line 330
Bake\Shell\Task\TestTask::bake() - ROOT\vendor\cakephp\bake\src\Shell\Task\TestTask.php, line 237
Bake\Shell\Task\ControllerTask::bakeTest() - ROOT\vendor\cakephp\bake\src\Shell\Task\ControllerTask.php, line 214
Bake\Shell\Task\ControllerTask::bake() - ROOT\vendor\cakephp\bake\src\Shell\Task\ControllerTask.php, line 163
Bake\Shell\Task\ControllerTask::main() - ROOT\vendor\cakephp\bake\src\Shell\Task\ControllerTask.php, line 69
Cake\Console\Shell::runCommand() - CORE\src\Console\Shell.php, line 532
Cake\Console\Shell::runCommand() - CORE\src\Console\Shell.php, line 525
Cake\Console\CommandRunner::runShell() - CORE\src\Console\CommandRunner.php, line 342
Cake\Console\CommandRunner::run() - CORE\src\Console\CommandRunner.php, line 164
[main] - ROOT\bin\cake.php, line 12



2018-11-06 16:41:22 Notice: Deprecated (16384): ServerRequest::session() is deprecated. Use getSession() instead. The setter part will be removed. - C:\Program Files (x86)\Ampps\www\AirlinesTravel\src\Controller\AppController.php, line: 13
 You can disable deprecation warnings by setting `Error.errorLevel` to `E_ALL & ~E_USER_DEPRECATED` in your config/app.php. in [C:\Program Files (x86)\Ampps\www\AirlinesTravel\vendor\cakephp\cakephp\src\Core\functions.php, line 310]
Trace:
Cake\Error\BaseErrorHandler::handleError() - CORE\src\Error\BaseErrorHandler.php, line 159
deprecationWarning - CORE\src\Core\functions.php, line 310
Cake\Http\ServerRequest::session() - CORE\src\Http\ServerRequest.php, line 563
App\Controller\AppController::initialize() - APP/Controller\AppController.php, line 13
Cake\Controller\Controller::__construct() - CORE\src\Controller\Controller.php, line 272
Bake\Shell\Task\TestTask::buildTestSubject() - ROOT\vendor\cakephp\bake\src\Shell\Task\TestTask.php, line 330
Bake\Shell\Task\TestTask::bake() - ROOT\vendor\cakephp\bake\src\Shell\Task\TestTask.php, line 237
Bake\Shell\Task\ControllerTask::bakeTest() - ROOT\vendor\cakephp\bake\src\Shell\Task\ControllerTask.php, line 214
Bake\Shell\Task\ControllerTask::bake() - ROOT\vendor\cakephp\bake\src\Shell\Task\ControllerTask.php, line 163
Bake\Shell\Task\ControllerTask::main() - ROOT\vendor\cakephp\bake\src\Shell\Task\ControllerTask.php, line 69
Cake\Console\Shell::runCommand() - CORE\src\Console\Shell.php, line 532
Cake\Console\Shell::runCommand() - CORE\src\Console\Shell.php, line 525
Cake\Console\CommandRunner::runShell() - CORE\src\Console\CommandRunner.php, line 342
Cake\Console\CommandRunner::run() - CORE\src\Console\CommandRunner.php, line 164
[main] - ROOT\bin\cake.php, line 12



2018-11-06 16:41:58 Notice: Notice (8): Undefined index: Color in [C:\Program Files (x86)\Ampps\www\AirlinesTravel\vendor\cakephp\bake\src\View\Helper\DocBlockHelper.php, line 238]
Trace:
Cake\Error\BaseErrorHandler::handleError() - CORE\src\Error\BaseErrorHandler.php, line 159
Bake\View\Helper\DocBlockHelper::buildTableAnnotations() - ROOT\vendor\cakephp\bake\src\View\Helper\DocBlockHelper.php, line 238
Twig_Template::getAttribute() - ROOT\vendor\twig\twig\lib\Twig\Template.php, line 679
__TwigTemplate_3de4b91e3d29de6e08c6247dfc864ce47fb3a65ff176b19a5471dc7ee078b6bc::doDisplay() - ROOT\tmp\cache\twigView\dc\dce9772f4f5f0225a43ca18c8937d361bafeab0de9cdc371ac93be99800e0e7a.php, line 22
Twig_Template::displayWithErrorHandling() - ROOT\vendor\twig\twig\lib\Twig\Template.php, line 432
Twig_Template::display() - ROOT\vendor\twig\twig\lib\Twig\Template.php, line 403
Twig_Template::render() - ROOT\vendor\twig\twig\lib\Twig\Template.php, line 411
WyriHaximus\TwigView\View\TwigView::_render() - ROOT\vendor\wyrihaximus\twig-view\src\View\TwigView.php, line 180
Bake\View\BakeView::render() - ROOT\vendor\cakephp\bake\src\View\BakeView.php, line 146
Bake\Shell\Task\BakeTemplateTask::generate() - ROOT\vendor\cakephp\bake\src\Shell\Task\BakeTemplateTask.php, line 91
Bake\Shell\Task\ModelTask::bakeTable() - ROOT\vendor\cakephp\bake\src\Shell\Task\ModelTask.php, line 971
Bake\Shell\Task\ModelTask::bake() - ROOT\vendor\cakephp\bake\src\Shell\Task\ModelTask.php, line 115
Bake\Shell\Task\ModelTask::main() - ROOT\vendor\cakephp\bake\src\Shell\Task\ModelTask.php, line 101
Cake\Console\Shell::runCommand() - CORE\src\Console\Shell.php, line 532
Cake\Console\Shell::runCommand() - CORE\src\Console\Shell.php, line 525
Cake\Console\CommandRunner::runShell() - CORE\src\Console\CommandRunner.php, line 342
Cake\Console\CommandRunner::run() - CORE\src\Console\CommandRunner.php, line 164
[main] - ROOT\bin\cake.php, line 12



2018-11-06 17:20:51 Notice: Deprecated (16384): ServerRequest::session() is deprecated. Use getSession() instead. The setter part will be removed. - C:\Program Files (x86)\Ampps\www\AirlinesTravel\src\Controller\AppController.php, line: 13
 You can disable deprecation warnings by setting `Error.errorLevel` to `E_ALL & ~E_USER_DEPRECATED` in your config/app.php. in [C:\Program Files (x86)\Ampps\www\AirlinesTravel\vendor\cakephp\cakephp\src\Core\functions.php, line 310]
Trace:
Cake\Error\BaseErrorHandler::handleError() - CORE\src\Error\BaseErrorHandler.php, line 159
deprecationWarning - CORE\src\Core\functions.php, line 310
Cake\Http\ServerRequest::session() - CORE\src\Http\ServerRequest.php, line 563
App\Controller\AppController::initialize() - APP/Controller\AppController.php, line 13
App\Controller\AirportsController::initialize() - APP/Controller\AirportsController.php, line 10
Cake\Controller\Controller::__construct() - CORE\src\Controller\Controller.php, line 272
Bake\Shell\Task\TestTask::buildTestSubject() - ROOT\vendor\cakephp\bake\src\Shell\Task\TestTask.php, line 330
Bake\Shell\Task\TestTask::bake() - ROOT\vendor\cakephp\bake\src\Shell\Task\TestTask.php, line 237
Bake\Shell\Task\TestTask::main() - ROOT\vendor\cakephp\bake\src\Shell\Task\TestTask.php, line 124
Cake\Console\Shell::runCommand() - CORE\src\Console\Shell.php, line 532
Cake\Console\Shell::runCommand() - CORE\src\Console\Shell.php, line 525
Cake\Console\CommandRunner::runShell() - CORE\src\Console\CommandRunner.php, line 342
Cake\Console\CommandRunner::run() - CORE\src\Console\CommandRunner.php, line 164
[main] - ROOT\bin\cake.php, line 12



2018-11-06 17:21:17 Notice: Deprecated (16384): ServerRequest::session() is deprecated. Use getSession() instead. The setter part will be removed. - C:\Program Files (x86)\Ampps\www\AirlinesTravel\src\Controller\AppController.php, line: 13
 You can disable deprecation warnings by setting `Error.errorLevel` to `E_ALL & ~E_USER_DEPRECATED` in your config/app.php. in [C:\Program Files (x86)\Ampps\www\AirlinesTravel\vendor\cakephp\cakephp\src\Core\functions.php, line 310]
Trace:
Cake\Error\BaseErrorHandler::handleError() - CORE\src\Error\BaseErrorHandler.php, line 159
deprecationWarning - CORE\src\Core\functions.php, line 310
Cake\Http\ServerRequest::session() - CORE\src\Http\ServerRequest.php, line 563
App\Controller\AppController::initialize() - APP/Controller\AppController.php, line 13
Cake\Controller\Controller::__construct() - CORE\src\Controller\Controller.php, line 272
Bake\Shell\Task\TestTask::buildTestSubject() - ROOT\vendor\cakephp\bake\src\Shell\Task\TestTask.php, line 330
Bake\Shell\Task\TestTask::bake() - ROOT\vendor\cakephp\bake\src\Shell\Task\TestTask.php, line 237
Bake\Shell\Task\TestTask::main() - ROOT\vendor\cakephp\bake\src\Shell\Task\TestTask.php, line 124
Cake\Console\Shell::runCommand() - CORE\src\Console\Shell.php, line 532
Cake\Console\Shell::runCommand() - CORE\src\Console\Shell.php, line 525
Cake\Console\CommandRunner::runShell() - CORE\src\Console\CommandRunner.php, line 342
Cake\Console\CommandRunner::run() - CORE\src\Console\CommandRunner.php, line 164
[main] - ROOT\bin\cake.php, line 12



2018-11-06 17:21:33 Notice: Deprecated (16384): ServerRequest::session() is deprecated. Use getSession() instead. The setter part will be removed. - C:\Program Files (x86)\Ampps\www\AirlinesTravel\src\Controller\AppController.php, line: 13
 You can disable deprecation warnings by setting `Error.errorLevel` to `E_ALL & ~E_USER_DEPRECATED` in your config/app.php. in [C:\Program Files (x86)\Ampps\www\AirlinesTravel\vendor\cakephp\cakephp\src\Core\functions.php, line 310]
Trace:
Cake\Error\BaseErrorHandler::handleError() - CORE\src\Error\BaseErrorHandler.php, line 159
deprecationWarning - CORE\src\Core\functions.php, line 310
Cake\Http\ServerRequest::session() - CORE\src\Http\ServerRequest.php, line 563
App\Controller\AppController::initialize() - APP/Controller\AppController.php, line 13
Cake\Controller\Controller::__construct() - CORE\src\Controller\Controller.php, line 272
Bake\Shell\Task\TestTask::buildTestSubject() - ROOT\vendor\cakephp\bake\src\Shell\Task\TestTask.php, line 330
Bake\Shell\Task\TestTask::bake() - ROOT\vendor\cakephp\bake\src\Shell\Task\TestTask.php, line 237
Bake\Shell\Task\TestTask::main() - ROOT\vendor\cakephp\bake\src\Shell\Task\TestTask.php, line 124
Cake\Console\Shell::runCommand() - CORE\src\Console\Shell.php, line 532
Cake\Console\Shell::runCommand() - CORE\src\Console\Shell.php, line 525
Cake\Console\CommandRunner::runShell() - CORE\src\Console\CommandRunner.php, line 342
Cake\Console\CommandRunner::run() - CORE\src\Console\CommandRunner.php, line 164
[main] - ROOT\bin\cake.php, line 12



2018-11-06 17:21:44 Notice: Deprecated (16384): ServerRequest::session() is deprecated. Use getSession() instead. The setter part will be removed. - C:\Program Files (x86)\Ampps\www\AirlinesTravel\src\Controller\AppController.php, line: 13
 You can disable deprecation warnings by setting `Error.errorLevel` to `E_ALL & ~E_USER_DEPRECATED` in your config/app.php. in [C:\Program Files (x86)\Ampps\www\AirlinesTravel\vendor\cakephp\cakephp\src\Core\functions.php, line 310]
Trace:
Cake\Error\BaseErrorHandler::handleError() - CORE\src\Error\BaseErrorHandler.php, line 159
deprecationWarning - CORE\src\Core\functions.php, line 310
Cake\Http\ServerRequest::session() - CORE\src\Http\ServerRequest.php, line 563
App\Controller\AppController::initialize() - APP/Controller\AppController.php, line 13
Cake\Controller\Controller::__construct() - CORE\src\Controller\Controller.php, line 272
Bake\Shell\Task\TestTask::buildTestSubject() - ROOT\vendor\cakephp\bake\src\Shell\Task\TestTask.php, line 330
Bake\Shell\Task\TestTask::bake() - ROOT\vendor\cakephp\bake\src\Shell\Task\TestTask.php, line 237
Bake\Shell\Task\TestTask::main() - ROOT\vendor\cakephp\bake\src\Shell\Task\TestTask.php, line 124
Cake\Console\Shell::runCommand() - CORE\src\Console\Shell.php, line 532
Cake\Console\Shell::runCommand() - CORE\src\Console\Shell.php, line 525
Cake\Console\CommandRunner::runShell() - CORE\src\Console\CommandRunner.php, line 342
Cake\Console\CommandRunner::run() - CORE\src\Console\CommandRunner.php, line 164
[main] - ROOT\bin\cake.php, line 12



2018-11-06 17:22:06 Notice: Deprecated (16384): ServerRequest::session() is deprecated. Use getSession() instead. The setter part will be removed. - C:\Program Files (x86)\Ampps\www\AirlinesTravel\src\Controller\AppController.php, line: 13
 You can disable deprecation warnings by setting `Error.errorLevel` to `E_ALL & ~E_USER_DEPRECATED` in your config/app.php. in [C:\Program Files (x86)\Ampps\www\AirlinesTravel\vendor\cakephp\cakephp\src\Core\functions.php, line 310]
Trace:
Cake\Error\BaseErrorHandler::handleError() - CORE\src\Error\BaseErrorHandler.php, line 159
deprecationWarning - CORE\src\Core\functions.php, line 310
Cake\Http\ServerRequest::session() - CORE\src\Http\ServerRequest.php, line 563
App\Controller\AppController::initialize() - APP/Controller\AppController.php, line 13
Cake\Controller\Controller::__construct() - CORE\src\Controller\Controller.php, line 272
Bake\Shell\Task\TestTask::buildTestSubject() - ROOT\vendor\cakephp\bake\src\Shell\Task\TestTask.php, line 330
Bake\Shell\Task\TestTask::bake() - ROOT\vendor\cakephp\bake\src\Shell\Task\TestTask.php, line 237
Bake\Shell\Task\TestTask::main() - ROOT\vendor\cakephp\bake\src\Shell\Task\TestTask.php, line 124
Cake\Console\Shell::runCommand() - CORE\src\Console\Shell.php, line 532
Cake\Console\Shell::runCommand() - CORE\src\Console\Shell.php, line 525
Cake\Console\CommandRunner::runShell() - CORE\src\Console\CommandRunner.php, line 342
Cake\Console\CommandRunner::run() - CORE\src\Console\CommandRunner.php, line 164
[main] - ROOT\bin\cake.php, line 12



2018-11-06 17:22:30 Notice: Deprecated (16384): ServerRequest::session() is deprecated. Use getSession() instead. The setter part will be removed. - C:\Program Files (x86)\Ampps\www\AirlinesTravel\src\Controller\AppController.php, line: 13
 You can disable deprecation warnings by setting `Error.errorLevel` to `E_ALL & ~E_USER_DEPRECATED` in your config/app.php. in [C:\Program Files (x86)\Ampps\www\AirlinesTravel\vendor\cakephp\cakephp\src\Core\functions.php, line 310]
Trace:
Cake\Error\BaseErrorHandler::handleError() - CORE\src\Error\BaseErrorHandler.php, line 159
deprecationWarning - CORE\src\Core\functions.php, line 310
Cake\Http\ServerRequest::session() - CORE\src\Http\ServerRequest.php, line 563
App\Controller\AppController::initialize() - APP/Controller\AppController.php, line 13
Cake\Controller\Controller::__construct() - CORE\src\Controller\Controller.php, line 272
Bake\Shell\Task\TestTask::buildTestSubject() - ROOT\vendor\cakephp\bake\src\Shell\Task\TestTask.php, line 330
Bake\Shell\Task\TestTask::bake() - ROOT\vendor\cakephp\bake\src\Shell\Task\TestTask.php, line 237
Bake\Shell\Task\TestTask::main() - ROOT\vendor\cakephp\bake\src\Shell\Task\TestTask.php, line 124
Cake\Console\Shell::runCommand() - CORE\src\Console\Shell.php, line 532
Cake\Console\Shell::runCommand() - CORE\src\Console\Shell.php, line 525
Cake\Console\CommandRunner::runShell() - CORE\src\Console\CommandRunner.php, line 342
Cake\Console\CommandRunner::run() - CORE\src\Console\CommandRunner.php, line 164
[main] - ROOT\bin\cake.php, line 12



2018-11-06 17:22:47 Notice: Deprecated (16384): ServerRequest::session() is deprecated. Use getSession() instead. The setter part will be removed. - C:\Program Files (x86)\Ampps\www\AirlinesTravel\src\Controller\AppController.php, line: 13
 You can disable deprecation warnings by setting `Error.errorLevel` to `E_ALL & ~E_USER_DEPRECATED` in your config/app.php. in [C:\Program Files (x86)\Ampps\www\AirlinesTravel\vendor\cakephp\cakephp\src\Core\functions.php, line 310]
Trace:
Cake\Error\BaseErrorHandler::handleError() - CORE\src\Error\BaseErrorHandler.php, line 159
deprecationWarning - CORE\src\Core\functions.php, line 310
Cake\Http\ServerRequest::session() - CORE\src\Http\ServerRequest.php, line 563
App\Controller\AppController::initialize() - APP/Controller\AppController.php, line 13
Cake\Controller\Controller::__construct() - CORE\src\Controller\Controller.php, line 272
Bake\Shell\Task\TestTask::buildTestSubject() - ROOT\vendor\cakephp\bake\src\Shell\Task\TestTask.php, line 330
Bake\Shell\Task\TestTask::bake() - ROOT\vendor\cakephp\bake\src\Shell\Task\TestTask.php, line 237
Bake\Shell\Task\TestTask::main() - ROOT\vendor\cakephp\bake\src\Shell\Task\TestTask.php, line 124
Cake\Console\Shell::runCommand() - CORE\src\Console\Shell.php, line 532
Cake\Console\Shell::runCommand() - CORE\src\Console\Shell.php, line 525
Cake\Console\CommandRunner::runShell() - CORE\src\Console\CommandRunner.php, line 342
Cake\Console\CommandRunner::run() - CORE\src\Console\CommandRunner.php, line 164
[main] - ROOT\bin\cake.php, line 12



2018-11-06 17:22:57 Notice: Deprecated (16384): ServerRequest::session() is deprecated. Use getSession() instead. The setter part will be removed. - C:\Program Files (x86)\Ampps\www\AirlinesTravel\src\Controller\AppController.php, line: 13
 You can disable deprecation warnings by setting `Error.errorLevel` to `E_ALL & ~E_USER_DEPRECATED` in your config/app.php. in [C:\Program Files (x86)\Ampps\www\AirlinesTravel\vendor\cakephp\cakephp\src\Core\functions.php, line 310]
Trace:
Cake\Error\BaseErrorHandler::handleError() - CORE\src\Error\BaseErrorHandler.php, line 159
deprecationWarning - CORE\src\Core\functions.php, line 310
Cake\Http\ServerRequest::session() - CORE\src\Http\ServerRequest.php, line 563
App\Controller\AppController::initialize() - APP/Controller\AppController.php, line 13
Cake\Controller\Controller::__construct() - CORE\src\Controller\Controller.php, line 272
Bake\Shell\Task\TestTask::buildTestSubject() - ROOT\vendor\cakephp\bake\src\Shell\Task\TestTask.php, line 330
Bake\Shell\Task\TestTask::bake() - ROOT\vendor\cakephp\bake\src\Shell\Task\TestTask.php, line 237
Bake\Shell\Task\TestTask::main() - ROOT\vendor\cakephp\bake\src\Shell\Task\TestTask.php, line 124
Cake\Console\Shell::runCommand() - CORE\src\Console\Shell.php, line 532
Cake\Console\Shell::runCommand() - CORE\src\Console\Shell.php, line 525
Cake\Console\CommandRunner::runShell() - CORE\src\Console\CommandRunner.php, line 342
Cake\Console\CommandRunner::run() - CORE\src\Console\CommandRunner.php, line 164
[main] - ROOT\bin\cake.php, line 12



2018-11-06 17:23:12 Notice: Deprecated (16384): ServerRequest::session() is deprecated. Use getSession() instead. The setter part will be removed. - C:\Program Files (x86)\Ampps\www\AirlinesTravel\src\Controller\AppController.php, line: 13
 You can disable deprecation warnings by setting `Error.errorLevel` to `E_ALL & ~E_USER_DEPRECATED` in your config/app.php. in [C:\Program Files (x86)\Ampps\www\AirlinesTravel\vendor\cakephp\cakephp\src\Core\functions.php, line 310]
Trace:
Cake\Error\BaseErrorHandler::handleError() - CORE\src\Error\BaseErrorHandler.php, line 159
deprecationWarning - CORE\src\Core\functions.php, line 310
Cake\Http\ServerRequest::session() - CORE\src\Http\ServerRequest.php, line 563
App\Controller\AppController::initialize() - APP/Controller\AppController.php, line 13
Cake\Controller\Controller::__construct() - CORE\src\Controller\Controller.php, line 272
Bake\Shell\Task\TestTask::buildTestSubject() - ROOT\vendor\cakephp\bake\src\Shell\Task\TestTask.php, line 330
Bake\Shell\Task\TestTask::bake() - ROOT\vendor\cakephp\bake\src\Shell\Task\TestTask.php, line 237
Bake\Shell\Task\TestTask::main() - ROOT\vendor\cakephp\bake\src\Shell\Task\TestTask.php, line 124
Cake\Console\Shell::runCommand() - CORE\src\Console\Shell.php, line 532
Cake\Console\Shell::runCommand() - CORE\src\Console\Shell.php, line 525
Cake\Console\CommandRunner::runShell() - CORE\src\Console\CommandRunner.php, line 342
Cake\Console\CommandRunner::run() - CORE\src\Console\CommandRunner.php, line 164
[main] - ROOT\bin\cake.php, line 12



2018-11-06 17:23:21 Notice: Deprecated (16384): ServerRequest::session() is deprecated. Use getSession() instead. The setter part will be removed. - C:\Program Files (x86)\Ampps\www\AirlinesTravel\src\Controller\AppController.php, line: 13
 You can disable deprecation warnings by setting `Error.errorLevel` to `E_ALL & ~E_USER_DEPRECATED` in your config/app.php. in [C:\Program Files (x86)\Ampps\www\AirlinesTravel\vendor\cakephp\cakephp\src\Core\functions.php, line 310]
Trace:
Cake\Error\BaseErrorHandler::handleError() - CORE\src\Error\BaseErrorHandler.php, line 159
deprecationWarning - CORE\src\Core\functions.php, line 310
Cake\Http\ServerRequest::session() - CORE\src\Http\ServerRequest.php, line 563
App\Controller\AppController::initialize() - APP/Controller\AppController.php, line 13
Cake\Controller\Controller::__construct() - CORE\src\Controller\Controller.php, line 272
Bake\Shell\Task\TestTask::buildTestSubject() - ROOT\vendor\cakephp\bake\src\Shell\Task\TestTask.php, line 330
Bake\Shell\Task\TestTask::bake() - ROOT\vendor\cakephp\bake\src\Shell\Task\TestTask.php, line 237
Bake\Shell\Task\TestTask::main() - ROOT\vendor\cakephp\bake\src\Shell\Task\TestTask.php, line 124
Cake\Console\Shell::runCommand() - CORE\src\Console\Shell.php, line 532
Cake\Console\Shell::runCommand() - CORE\src\Console\Shell.php, line 525
Cake\Console\CommandRunner::runShell() - CORE\src\Console\CommandRunner.php, line 342
Cake\Console\CommandRunner::run() - CORE\src\Console\CommandRunner.php, line 164
[main] - ROOT\bin\cake.php, line 12



2018-11-06 17:23:43 Notice: Deprecated (16384): ServerRequest::session() is deprecated. Use getSession() instead. The setter part will be removed. - C:\Program Files (x86)\Ampps\www\AirlinesTravel\src\Controller\AppController.php, line: 13
 You can disable deprecation warnings by setting `Error.errorLevel` to `E_ALL & ~E_USER_DEPRECATED` in your config/app.php. in [C:\Program Files (x86)\Ampps\www\AirlinesTravel\vendor\cakephp\cakephp\src\Core\functions.php, line 310]
Trace:
Cake\Error\BaseErrorHandler::handleError() - CORE\src\Error\BaseErrorHandler.php, line 159
deprecationWarning - CORE\src\Core\functions.php, line 310
Cake\Http\ServerRequest::session() - CORE\src\Http\ServerRequest.php, line 563
App\Controller\AppController::initialize() - APP/Controller\AppController.php, line 13
App\Controller\UsersController::initialize() - APP/Controller\UsersController.php, line 19
Cake\Controller\Controller::__construct() - CORE\src\Controller\Controller.php, line 272
Bake\Shell\Task\TestTask::buildTestSubject() - ROOT\vendor\cakephp\bake\src\Shell\Task\TestTask.php, line 330
Bake\Shell\Task\TestTask::bake() - ROOT\vendor\cakephp\bake\src\Shell\Task\TestTask.php, line 237
Bake\Shell\Task\TestTask::main() - ROOT\vendor\cakephp\bake\src\Shell\Task\TestTask.php, line 124
Cake\Console\Shell::runCommand() - CORE\src\Console\Shell.php, line 532
Cake\Console\Shell::runCommand() - CORE\src\Console\Shell.php, line 525
Cake\Console\CommandRunner::runShell() - CORE\src\Console\CommandRunner.php, line 342
Cake\Console\CommandRunner::run() - CORE\src\Console\CommandRunner.php, line 164
[main] - ROOT\bin\cake.php, line 12



2018-11-06 18:01:13 Notice: Notice (8): Undefined property: App\Test\TestCase\Controller\AirportsControllerTest::$AuthAdmin in [C:\Program Files (x86)\Ampps\www\AirlinesTravel\tests\TestCase\Controller\AirportsControllerTest.php, line 44]
Trace:
Cake\Error\BaseErrorHandler::handleError() - CORE\src\Error\BaseErrorHandler.php, line 159
App\Test\TestCase\Controller\AirportsControllerTest::testIndex() - ROOT\tests\TestCase\Controller\AirportsControllerTest.php, line 44
ReflectionMethod::invokeArgs() - [internal], line ??
PHPUnit\Framework\TestCase::runTest() - ROOT\vendor\phpunit\phpunit\src\Framework\TestCase.php, line 1071
PHPUnit\Framework\TestCase::runBare() - ROOT\vendor\phpunit\phpunit\src\Framework\TestCase.php, line 939
PHPUnit\Framework\TestResult::run() - ROOT\vendor\phpunit\phpunit\src\Framework\TestResult.php, line 698
PHPUnit\Framework\TestCase::run() - ROOT\vendor\phpunit\phpunit\src\Framework\TestCase.php, line 894
PHPUnit\Framework\TestSuite::run() - ROOT\vendor\phpunit\phpunit\src\Framework\TestSuite.php, line 755
PHPUnit\TextUI\TestRunner::doRun() - ROOT\vendor\phpunit\phpunit\src\TextUI\TestRunner.php, line 545
PHPUnit\TextUI\Command::run() - ROOT\vendor\phpunit\phpunit\src\TextUI\Command.php, line 195
PHPUnit\TextUI\Command::main() - ROOT\vendor\phpunit\phpunit\src\TextUI\Command.php, line 148
[main] - ROOT\vendor\phpunit\phpunit\phpunit, line 53



2018-11-06 18:34:25 Notice: Notice (8): Undefined property: App\Test\TestCase\Model\Table\AirportsTableTest::$passengers in [C:\Program Files (x86)\Ampps\www\AirlinesTravel\tests\TestCase\Model\Table\AirportsTableTest.php, line 79]
Trace:
Cake\Error\BaseErrorHandler::handleError() - CORE\src\Error\BaseErrorHandler.php, line 159
App\Test\TestCase\Model\Table\AirportsTableTest::testFindActive() - ROOT\tests\TestCase\Model\Table\AirportsTableTest.php, line 79
ReflectionMethod::invokeArgs() - [internal], line ??
PHPUnit\Framework\TestCase::runTest() - ROOT\vendor\phpunit\phpunit\src\Framework\TestCase.php, line 1071
PHPUnit\Framework\TestCase::runBare() - ROOT\vendor\phpunit\phpunit\src\Framework\TestCase.php, line 939
PHPUnit\Framework\TestResult::run() - ROOT\vendor\phpunit\phpunit\src\Framework\TestResult.php, line 698
PHPUnit\Framework\TestCase::run() - ROOT\vendor\phpunit\phpunit\src\Framework\TestCase.php, line 894
PHPUnit\Framework\TestSuite::run() - ROOT\vendor\phpunit\phpunit\src\Framework\TestSuite.php, line 755
PHPUnit\TextUI\TestRunner::doRun() - ROOT\vendor\phpunit\phpunit\src\TextUI\TestRunner.php, line 545
PHPUnit\TextUI\Command::run() - ROOT\vendor\phpunit\phpunit\src\TextUI\Command.php, line 195
PHPUnit\TextUI\Command::main() - ROOT\vendor\phpunit\phpunit\src\TextUI\Command.php, line 148
[main] - ROOT\vendor\phpunit\phpunit\phpunit, line 53



2018-11-06 18:37:11 Notice: Notice (8): Undefined property: App\Test\TestCase\Model\Table\PassengersTableTest::$Passengers in [C:\Program Files (x86)\Ampps\www\AirlinesTravel\tests\TestCase\Model\Table\PassengersTableTest.php, line 87]
Trace:
Cake\Error\BaseErrorHandler::handleError() - CORE\src\Error\BaseErrorHandler.php, line 159
App\Test\TestCase\Model\Table\PassengersTableTest::testFindActive() - ROOT\tests\TestCase\Model\Table\PassengersTableTest.php, line 87
ReflectionMethod::invokeArgs() - [internal], line ??
PHPUnit\Framework\TestCase::runTest() - ROOT\vendor\phpunit\phpunit\src\Framework\TestCase.php, line 1071
PHPUnit\Framework\TestCase::runBare() - ROOT\vendor\phpunit\phpunit\src\Framework\TestCase.php, line 939
PHPUnit\Framework\TestResult::run() - ROOT\vendor\phpunit\phpunit\src\Framework\TestResult.php, line 698
PHPUnit\Framework\TestCase::run() - ROOT\vendor\phpunit\phpunit\src\Framework\TestCase.php, line 894
PHPUnit\Framework\TestSuite::run() - ROOT\vendor\phpunit\phpunit\src\Framework\TestSuite.php, line 755
PHPUnit\TextUI\TestRunner::doRun() - ROOT\vendor\phpunit\phpunit\src\TextUI\TestRunner.php, line 545
PHPUnit\TextUI\Command::run() - ROOT\vendor\phpunit\phpunit\src\TextUI\Command.php, line 195
PHPUnit\TextUI\Command::main() - ROOT\vendor\phpunit\phpunit\src\TextUI\Command.php, line 148
[main] - ROOT\vendor\phpunit\phpunit\phpunit, line 53



2018-11-06 18:51:18 Notice: Notice (8): Undefined property: App\Test\TestCase\Model\Table\PassengersTableTest::$Passengers in [C:\Program Files (x86)\Ampps\www\AirlinesTravel\tests\TestCase\Model\Table\PassengersTableTest.php, line 130]
Trace:
Cake\Error\BaseErrorHandler::handleError() - CORE\src\Error\BaseErrorHandler.php, line 159
App\Test\TestCase\Model\Table\PassengersTableTest::testSave() - ROOT\tests\TestCase\Model\Table\PassengersTableTest.php, line 130
ReflectionMethod::invokeArgs() - [internal], line ??
PHPUnit\Framework\TestCase::runTest() - ROOT\vendor\phpunit\phpunit\src\Framework\TestCase.php, line 1071
PHPUnit\Framework\TestCase::runBare() - ROOT\vendor\phpunit\phpunit\src\Framework\TestCase.php, line 939
PHPUnit\Framework\TestResult::run() - ROOT\vendor\phpunit\phpunit\src\Framework\TestResult.php, line 698
PHPUnit\Framework\TestCase::run() - ROOT\vendor\phpunit\phpunit\src\Framework\TestCase.php, line 894
PHPUnit\Framework\TestSuite::run() - ROOT\vendor\phpunit\phpunit\src\Framework\TestSuite.php, line 755
PHPUnit\TextUI\TestRunner::doRun() - ROOT\vendor\phpunit\phpunit\src\TextUI\TestRunner.php, line 545
PHPUnit\TextUI\Command::run() - ROOT\vendor\phpunit\phpunit\src\TextUI\Command.php, line 195
PHPUnit\TextUI\Command::main() - ROOT\vendor\phpunit\phpunit\src\TextUI\Command.php, line 148
[main] - ROOT\vendor\phpunit\phpunit\phpunit, line 53



2018-11-06 19:37:30 Notice: Notice (8): Undefined property: App\Test\TestCase\Model\Table\PassengersTableTest::$Todos in [C:\Program Files (x86)\Ampps\www\AirlinesTravel\tests\TestCase\Model\Table\PassengersTableTest.php, line 160]
Trace:
Cake\Error\BaseErrorHandler::handleError() - CORE\src\Error\BaseErrorHandler.php, line 159
App\Test\TestCase\Model\Table\PassengersTableTest::testSaveEvilScript() - ROOT\tests\TestCase\Model\Table\PassengersTableTest.php, line 160
ReflectionMethod::invokeArgs() - [internal], line ??
PHPUnit\Framework\TestCase::runTest() - ROOT\vendor\phpunit\phpunit\src\Framework\TestCase.php, line 1071
PHPUnit\Framework\TestCase::runBare() - ROOT\vendor\phpunit\phpunit\src\Framework\TestCase.php, line 939
PHPUnit\Framework\TestResult::run() - ROOT\vendor\phpunit\phpunit\src\Framework\TestResult.php, line 698
PHPUnit\Framework\TestCase::run() - ROOT\vendor\phpunit\phpunit\src\Framework\TestCase.php, line 894
PHPUnit\Framework\TestSuite::run() - ROOT\vendor\phpunit\phpunit\src\Framework\TestSuite.php, line 755
PHPUnit\TextUI\TestRunner::doRun() - ROOT\vendor\phpunit\phpunit\src\TextUI\TestRunner.php, line 545
PHPUnit\TextUI\Command::run() - ROOT\vendor\phpunit\phpunit\src\TextUI\Command.php, line 195
PHPUnit\TextUI\Command::main() - ROOT\vendor\phpunit\phpunit\src\TextUI\Command.php, line 148
[main] - ROOT\vendor\phpunit\phpunit\phpunit, line 53



2018-11-06 19:41:25 Notice: Notice (8): Undefined property: App\Test\TestCase\Model\Table\PassengersTableTest::$Todos in [C:\Program Files (x86)\Ampps\www\AirlinesTravel\tests\TestCase\Model\Table\PassengersTableTest.php, line 160]
Trace:
Cake\Error\BaseErrorHandler::handleError() - CORE\src\Error\BaseErrorHandler.php, line 159
App\Test\TestCase\Model\Table\PassengersTableTest::testSaveEvilScript() - ROOT\tests\TestCase\Model\Table\PassengersTableTest.php, line 160
ReflectionMethod::invokeArgs() - [internal], line ??
PHPUnit\Framework\TestCase::runTest() - ROOT\vendor\phpunit\phpunit\src\Framework\TestCase.php, line 1071
PHPUnit\Framework\TestCase::runBare() - ROOT\vendor\phpunit\phpunit\src\Framework\TestCase.php, line 939
PHPUnit\Framework\TestResult::run() - ROOT\vendor\phpunit\phpunit\src\Framework\TestResult.php, line 698
PHPUnit\Framework\TestCase::run() - ROOT\vendor\phpunit\phpunit\src\Framework\TestCase.php, line 894
PHPUnit\Framework\TestSuite::run() - ROOT\vendor\phpunit\phpunit\src\Framework\TestSuite.php, line 755
PHPUnit\TextUI\TestRunner::doRun() - ROOT\vendor\phpunit\phpunit\src\TextUI\TestRunner.php, line 545
PHPUnit\TextUI\Command::run() - ROOT\vendor\phpunit\phpunit\src\TextUI\Command.php, line 195
PHPUnit\TextUI\Command::main() - ROOT\vendor\phpunit\phpunit\src\TextUI\Command.php, line 148
[main] - ROOT\vendor\phpunit\phpunit\phpunit, line 53



2018-11-06 19:44:52 Notice: Notice (8): Undefined property: App\Test\TestCase\Model\Table\PassengersTableTest::$Todos in [C:\Program Files (x86)\Ampps\www\AirlinesTravel\tests\TestCase\Model\Table\PassengersTableTest.php, line 160]
Trace:
Cake\Error\BaseErrorHandler::handleError() - CORE\src\Error\BaseErrorHandler.php, line 159
App\Test\TestCase\Model\Table\PassengersTableTest::testSaveEvilScript() - ROOT\tests\TestCase\Model\Table\PassengersTableTest.php, line 160
ReflectionMethod::invokeArgs() - [internal], line ??
PHPUnit\Framework\TestCase::runTest() - ROOT\vendor\phpunit\phpunit\src\Framework\TestCase.php, line 1071
PHPUnit\Framework\TestCase::runBare() - ROOT\vendor\phpunit\phpunit\src\Framework\TestCase.php, line 939
PHPUnit\Framework\TestResult::run() - ROOT\vendor\phpunit\phpunit\src\Framework\TestResult.php, line 698
PHPUnit\Framework\TestCase::run() - ROOT\vendor\phpunit\phpunit\src\Framework\TestCase.php, line 894
PHPUnit\Framework\TestSuite::run() - ROOT\vendor\phpunit\phpunit\src\Framework\TestSuite.php, line 755
PHPUnit\TextUI\TestRunner::doRun() - ROOT\vendor\phpunit\phpunit\src\TextUI\TestRunner.php, line 545
PHPUnit\TextUI\Command::run() - ROOT\vendor\phpunit\phpunit\src\TextUI\Command.php, line 195
PHPUnit\TextUI\Command::main() - ROOT\vendor\phpunit\phpunit\src\TextUI\Command.php, line 148
[main] - ROOT\vendor\phpunit\phpunit\phpunit, line 53



2018-11-06 19:45:46 Notice: Notice (8): Undefined property: App\Test\TestCase\Model\Table\PassengersTableTest::$Todos in [C:\Program Files (x86)\Ampps\www\AirlinesTravel\tests\TestCase\Model\Table\PassengersTableTest.php, line 160]
Trace:
Cake\Error\BaseErrorHandler::handleError() - CORE\src\Error\BaseErrorHandler.php, line 159
App\Test\TestCase\Model\Table\PassengersTableTest::testSaveEvilScript() - ROOT\tests\TestCase\Model\Table\PassengersTableTest.php, line 160
ReflectionMethod::invokeArgs() - [internal], line ??
PHPUnit\Framework\TestCase::runTest() - ROOT\vendor\phpunit\phpunit\src\Framework\TestCase.php, line 1071
PHPUnit\Framework\TestCase::runBare() - ROOT\vendor\phpunit\phpunit\src\Framework\TestCase.php, line 939
PHPUnit\Framework\TestResult::run() - ROOT\vendor\phpunit\phpunit\src\Framework\TestResult.php, line 698
PHPUnit\Framework\TestCase::run() - ROOT\vendor\phpunit\phpunit\src\Framework\TestCase.php, line 894
PHPUnit\Framework\TestSuite::run() - ROOT\vendor\phpunit\phpunit\src\Framework\TestSuite.php, line 755
PHPUnit\TextUI\TestRunner::doRun() - ROOT\vendor\phpunit\phpunit\src\TextUI\TestRunner.php, line 545
PHPUnit\TextUI\Command::run() - ROOT\vendor\phpunit\phpunit\src\TextUI\Command.php, line 195
PHPUnit\TextUI\Command::main() - ROOT\vendor\phpunit\phpunit\src\TextUI\Command.php, line 148
[main] - ROOT\vendor\phpunit\phpunit\phpunit, line 53



2018-11-06 20:28:58 Notice: Notice (8): Undefined property: App\Test\TestCase\Model\Table\PassengersTableTest::$Todos in [C:\Program Files (x86)\Ampps\www\AirlinesTravel\tests\TestCase\Model\Table\PassengersTableTest.php, line 160]
Trace:
Cake\Error\BaseErrorHandler::handleError() - CORE\src\Error\BaseErrorHandler.php, line 159
App\Test\TestCase\Model\Table\PassengersTableTest::testSaveEvilScript() - ROOT\tests\TestCase\Model\Table\PassengersTableTest.php, line 160
ReflectionMethod::invokeArgs() - [internal], line ??
PHPUnit\Framework\TestCase::runTest() - ROOT\vendor\phpunit\phpunit\src\Framework\TestCase.php, line 1071
PHPUnit\Framework\TestCase::runBare() - ROOT\vendor\phpunit\phpunit\src\Framework\TestCase.php, line 939
PHPUnit\Framework\TestResult::run() - ROOT\vendor\phpunit\phpunit\src\Framework\TestResult.php, line 698
PHPUnit\Framework\TestCase::run() - ROOT\vendor\phpunit\phpunit\src\Framework\TestCase.php, line 894
PHPUnit\Framework\TestSuite::run() - ROOT\vendor\phpunit\phpunit\src\Framework\TestSuite.php, line 755
PHPUnit\TextUI\TestRunner::doRun() - ROOT\vendor\phpunit\phpunit\src\TextUI\TestRunner.php, line 545
PHPUnit\TextUI\Command::run() - ROOT\vendor\phpunit\phpunit\src\TextUI\Command.php, line 195
PHPUnit\TextUI\Command::main() - ROOT\vendor\phpunit\phpunit\src\TextUI\Command.php, line 148
[main] - ROOT\vendor\phpunit\phpunit\phpunit, line 53



2018-11-08 14:44:55 Notice: Notice (8): Undefined index: Colors in [C:\Program Files (x86)\Ampps\www\AirlinesTravel\vendor\cakephp\bake\src\View\Helper\DocBlockHelper.php, line 238]
Trace:
Cake\Error\BaseErrorHandler::handleError() - CORE\src\Error\BaseErrorHandler.php, line 159
Bake\View\Helper\DocBlockHelper::buildTableAnnotations() - ROOT\vendor\cakephp\bake\src\View\Helper\DocBlockHelper.php, line 238
Twig_Template::getAttribute() - ROOT\vendor\twig\twig\lib\Twig\Template.php, line 679
__TwigTemplate_3de4b91e3d29de6e08c6247dfc864ce47fb3a65ff176b19a5471dc7ee078b6bc::doDisplay() - ROOT\tmp\cache\twigView\dc\dce9772f4f5f0225a43ca18c8937d361bafeab0de9cdc371ac93be99800e0e7a.php, line 22
Twig_Template::displayWithErrorHandling() - ROOT\vendor\twig\twig\lib\Twig\Template.php, line 432
Twig_Template::display() - ROOT\vendor\twig\twig\lib\Twig\Template.php, line 403
Twig_Template::render() - ROOT\vendor\twig\twig\lib\Twig\Template.php, line 411
WyriHaximus\TwigView\View\TwigView::_render() - ROOT\vendor\wyrihaximus\twig-view\src\View\TwigView.php, line 180
Bake\View\BakeView::render() - ROOT\vendor\cakephp\bake\src\View\BakeView.php, line 146
Bake\Shell\Task\BakeTemplateTask::generate() - ROOT\vendor\cakephp\bake\src\Shell\Task\BakeTemplateTask.php, line 91
Bake\Shell\Task\ModelTask::bakeTable() - ROOT\vendor\cakephp\bake\src\Shell\Task\ModelTask.php, line 971
Bake\Shell\Task\ModelTask::bake() - ROOT\vendor\cakephp\bake\src\Shell\Task\ModelTask.php, line 115
Bake\Shell\Task\ModelTask::main() - ROOT\vendor\cakephp\bake\src\Shell\Task\ModelTask.php, line 101
Cake\Console\Shell::runCommand() - CORE\src\Console\Shell.php, line 532
Cake\Console\Shell::runCommand() - CORE\src\Console\Shell.php, line 525
Cake\Console\CommandRunner::runShell() - CORE\src\Console\CommandRunner.php, line 342
Cake\Console\CommandRunner::run() - CORE\src\Console\CommandRunner.php, line 164
[main] - ROOT\bin\cake.php, line 12



2018-11-09 15:19:47 Notice: Notice (8): Undefined property: App\Test\TestCase\Controller\AirportsControllerTest::$AuthAdmin in [C:\Program Files (x86)\Ampps\www\AirlinesTravel\tests\TestCase\Controller\AirportsControllerTest.php, line 114]
Trace:
Cake\Error\BaseErrorHandler::handleError() - CORE\src\Error\BaseErrorHandler.php, line 159
App\Test\TestCase\Controller\AirportsControllerTest::testDelete() - ROOT\tests\TestCase\Controller\AirportsControllerTest.php, line 114
ReflectionMethod::invokeArgs() - [internal], line ??
PHPUnit\Framework\TestCase::runTest() - ROOT\vendor\phpunit\phpunit\src\Framework\TestCase.php, line 1071
PHPUnit\Framework\TestCase::runBare() - ROOT\vendor\phpunit\phpunit\src\Framework\TestCase.php, line 939
PHPUnit\Framework\TestResult::run() - ROOT\vendor\phpunit\phpunit\src\Framework\TestResult.php, line 698
PHPUnit\Framework\TestCase::run() - ROOT\vendor\phpunit\phpunit\src\Framework\TestCase.php, line 894
PHPUnit\Framework\TestSuite::run() - ROOT\vendor\phpunit\phpunit\src\Framework\TestSuite.php, line 755
PHPUnit\TextUI\TestRunner::doRun() - ROOT\vendor\phpunit\phpunit\src\TextUI\TestRunner.php, line 545
PHPUnit\TextUI\Command::run() - ROOT\vendor\phpunit\phpunit\src\TextUI\Command.php, line 195
PHPUnit\TextUI\Command::main() - ROOT\vendor\phpunit\phpunit\src\TextUI\Command.php, line 148
[main] - ROOT\vendor\phpunit\phpunit\phpunit, line 53



2018-11-09 15:20:03 Notice: Notice (8): Undefined property: App\Test\TestCase\Controller\AirportsControllerTest::$Clients in [C:\Program Files (x86)\Ampps\www\AirlinesTravel\tests\TestCase\Controller\AirportsControllerTest.php, line 118]
Request URL: /airports/delete/1
Trace:
Cake\Error\BaseErrorHandler::handleError() - CORE\src\Error\BaseErrorHandler.php, line 159
App\Test\TestCase\Controller\AirportsControllerTest::testDelete() - ROOT\tests\TestCase\Controller\AirportsControllerTest.php, line 118
ReflectionMethod::invokeArgs() - [internal], line ??
PHPUnit\Framework\TestCase::runTest() - ROOT\vendor\phpunit\phpunit\src\Framework\TestCase.php, line 1071
PHPUnit\Framework\TestCase::runBare() - ROOT\vendor\phpunit\phpunit\src\Framework\TestCase.php, line 939
PHPUnit\Framework\TestResult::run() - ROOT\vendor\phpunit\phpunit\src\Framework\TestResult.php, line 698
PHPUnit\Framework\TestCase::run() - ROOT\vendor\phpunit\phpunit\src\Framework\TestCase.php, line 894
PHPUnit\Framework\TestSuite::run() - ROOT\vendor\phpunit\phpunit\src\Framework\TestSuite.php, line 755
PHPUnit\TextUI\TestRunner::doRun() - ROOT\vendor\phpunit\phpunit\src\TextUI\TestRunner.php, line 545
PHPUnit\TextUI\Command::run() - ROOT\vendor\phpunit\phpunit\src\TextUI\Command.php, line 195
PHPUnit\TextUI\Command::main() - ROOT\vendor\phpunit\phpunit\src\TextUI\Command.php, line 148
[main] - ROOT\vendor\phpunit\phpunit\phpunit, line 53



2018-11-09 15:28:36 Notice: Notice (8): Undefined property: App\Test\TestCase\Controller\AirportsControllerTest::$AuthAdmin in [C:\Program Files (x86)\Ampps\www\AirlinesTravel\tests\TestCase\Controller\AirportsControllerTest.php, line 57]
Trace:
Cake\Error\BaseErrorHandler::handleError() - CORE\src\Error\BaseErrorHandler.php, line 159
App\Test\TestCase\Controller\AirportsControllerTest::testView() - ROOT\tests\TestCase\Controller\AirportsControllerTest.php, line 57
ReflectionMethod::invokeArgs() - [internal], line ??
PHPUnit\Framework\TestCase::runTest() - ROOT\vendor\phpunit\phpunit\src\Framework\TestCase.php, line 1071
PHPUnit\Framework\TestCase::runBare() - ROOT\vendor\phpunit\phpunit\src\Framework\TestCase.php, line 939
PHPUnit\Framework\TestResult::run() - ROOT\vendor\phpunit\phpunit\src\Framework\TestResult.php, line 698
PHPUnit\Framework\TestCase::run() - ROOT\vendor\phpunit\phpunit\src\Framework\TestCase.php, line 894
PHPUnit\Framework\TestSuite::run() - ROOT\vendor\phpunit\phpunit\src\Framework\TestSuite.php, line 755
PHPUnit\TextUI\TestRunner::doRun() - ROOT\vendor\phpunit\phpunit\src\TextUI\TestRunner.php, line 545
PHPUnit\TextUI\Command::run() - ROOT\vendor\phpunit\phpunit\src\TextUI\Command.php, line 195
PHPUnit\TextUI\Command::main() - ROOT\vendor\phpunit\phpunit\src\TextUI\Command.php, line 148
[main] - ROOT\vendor\phpunit\phpunit\phpunit, line 53



2018-11-09 15:28:53 Notice: Notice (8): Undefined property: App\Test\TestCase\Controller\AirportsControllerTest::$Cars in [C:\Program Files (x86)\Ampps\www\AirlinesTravel\tests\TestCase\Controller\AirportsControllerTest.php, line 58]
Trace:
Cake\Error\BaseErrorHandler::handleError() - CORE\src\Error\BaseErrorHandler.php, line 159
App\Test\TestCase\Controller\AirportsControllerTest::testView() - ROOT\tests\TestCase\Controller\AirportsControllerTest.php, line 58
ReflectionMethod::invokeArgs() - [internal], line ??
PHPUnit\Framework\TestCase::runTest() - ROOT\vendor\phpunit\phpunit\src\Framework\TestCase.php, line 1071
PHPUnit\Framework\TestCase::runBare() - ROOT\vendor\phpunit\phpunit\src\Framework\TestCase.php, line 939
PHPUnit\Framework\TestResult::run() - ROOT\vendor\phpunit\phpunit\src\Framework\TestResult.php, line 698
PHPUnit\Framework\TestCase::run() - ROOT\vendor\phpunit\phpunit\src\Framework\TestCase.php, line 894
PHPUnit\Framework\TestSuite::run() - ROOT\vendor\phpunit\phpunit\src\Framework\TestSuite.php, line 755
PHPUnit\TextUI\TestRunner::doRun() - ROOT\vendor\phpunit\phpunit\src\TextUI\TestRunner.php, line 545
PHPUnit\TextUI\Command::run() - ROOT\vendor\phpunit\phpunit\src\TextUI\Command.php, line 195
PHPUnit\TextUI\Command::main() - ROOT\vendor\phpunit\phpunit\src\TextUI\Command.php, line 148
[main] - ROOT\vendor\phpunit\phpunit\phpunit, line 53



2018-11-09 15:35:29 Notice: Notice (8): Undefined property: App\Test\TestCase\Controller\AirportsControllerTest::$Airports in [C:\Program Files (x86)\Ampps\www\AirlinesTravel\tests\TestCase\Controller\AirportsControllerTest.php, line 116]
Request URL: /airports/delete/1
Trace:
Cake\Error\BaseErrorHandler::handleError() - CORE\src\Error\BaseErrorHandler.php, line 159
App\Test\TestCase\Controller\AirportsControllerTest::testDelete() - ROOT\tests\TestCase\Controller\AirportsControllerTest.php, line 116
ReflectionMethod::invokeArgs() - [internal], line ??
PHPUnit\Framework\TestCase::runTest() - ROOT\vendor\phpunit\phpunit\src\Framework\TestCase.php, line 1071
PHPUnit\Framework\TestCase::runBare() - ROOT\vendor\phpunit\phpunit\src\Framework\TestCase.php, line 939
PHPUnit\Framework\TestResult::run() - ROOT\vendor\phpunit\phpunit\src\Framework\TestResult.php, line 698
PHPUnit\Framework\TestCase::run() - ROOT\vendor\phpunit\phpunit\src\Framework\TestCase.php, line 894
PHPUnit\Framework\TestSuite::run() - ROOT\vendor\phpunit\phpunit\src\Framework\TestSuite.php, line 755
PHPUnit\TextUI\TestRunner::doRun() - ROOT\vendor\phpunit\phpunit\src\TextUI\TestRunner.php, line 545
PHPUnit\TextUI\Command::run() - ROOT\vendor\phpunit\phpunit\src\TextUI\Command.php, line 195
PHPUnit\TextUI\Command::main() - ROOT\vendor\phpunit\phpunit\src\TextUI\Command.php, line 148
[main] - ROOT\vendor\phpunit\phpunit\phpunit, line 53



2018-11-09 15:36:31 Notice: Notice (8): Undefined property: App\Test\TestCase\Controller\AirportsControllerTest::$Airports in [C:\Program Files (x86)\Ampps\www\AirlinesTravel\tests\TestCase\Controller\AirportsControllerTest.php, line 116]
Request URL: /airports/delete/1
Trace:
Cake\Error\BaseErrorHandler::handleError() - CORE\src\Error\BaseErrorHandler.php, line 159
App\Test\TestCase\Controller\AirportsControllerTest::testDelete() - ROOT\tests\TestCase\Controller\AirportsControllerTest.php, line 116
ReflectionMethod::invokeArgs() - [internal], line ??
PHPUnit\Framework\TestCase::runTest() - ROOT\vendor\phpunit\phpunit\src\Framework\TestCase.php, line 1071
PHPUnit\Framework\TestCase::runBare() - ROOT\vendor\phpunit\phpunit\src\Framework\TestCase.php, line 939
PHPUnit\Framework\TestResult::run() - ROOT\vendor\phpunit\phpunit\src\Framework\TestResult.php, line 698
PHPUnit\Framework\TestCase::run() - ROOT\vendor\phpunit\phpunit\src\Framework\TestCase.php, line 894
PHPUnit\Framework\TestSuite::run() - ROOT\vendor\phpunit\phpunit\src\Framework\TestSuite.php, line 755
PHPUnit\TextUI\TestRunner::doRun() - ROOT\vendor\phpunit\phpunit\src\TextUI\TestRunner.php, line 545
PHPUnit\TextUI\Command::run() - ROOT\vendor\phpunit\phpunit\src\TextUI\Command.php, line 195
PHPUnit\TextUI\Command::main() - ROOT\vendor\phpunit\phpunit\src\TextUI\Command.php, line 148
[main] - ROOT\vendor\phpunit\phpunit\phpunit, line 53



2018-11-09 15:37:26 Notice: Notice (8): Undefined variable: Airports in [C:\Program Files (x86)\Ampps\www\AirlinesTravel\tests\TestCase\Controller\AirportsControllerTest.php, line 116]
Request URL: /airports/delete/1
Trace:
Cake\Error\BaseErrorHandler::handleError() - CORE\src\Error\BaseErrorHandler.php, line 159
App\Test\TestCase\Controller\AirportsControllerTest::testDelete() - ROOT\tests\TestCase\Controller\AirportsControllerTest.php, line 116
ReflectionMethod::invokeArgs() - [internal], line ??
PHPUnit\Framework\TestCase::runTest() - ROOT\vendor\phpunit\phpunit\src\Framework\TestCase.php, line 1071
PHPUnit\Framework\TestCase::runBare() - ROOT\vendor\phpunit\phpunit\src\Framework\TestCase.php, line 939
PHPUnit\Framework\TestResult::run() - ROOT\vendor\phpunit\phpunit\src\Framework\TestResult.php, line 698
PHPUnit\Framework\TestCase::run() - ROOT\vendor\phpunit\phpunit\src\Framework\TestCase.php, line 894
PHPUnit\Framework\TestSuite::run() - ROOT\vendor\phpunit\phpunit\src\Framework\TestSuite.php, line 755
PHPUnit\TextUI\TestRunner::doRun() - ROOT\vendor\phpunit\phpunit\src\TextUI\TestRunner.php, line 545
PHPUnit\TextUI\Command::run() - ROOT\vendor\phpunit\phpunit\src\TextUI\Command.php, line 195
PHPUnit\TextUI\Command::main() - ROOT\vendor\phpunit\phpunit\src\TextUI\Command.php, line 148
[main] - ROOT\vendor\phpunit\phpunit\phpunit, line 53



2018-11-09 15:37:26 Notice: Notice (8): Undefined property: App\Test\TestCase\Controller\AirportsControllerTest::$ in [C:\Program Files (x86)\Ampps\www\AirlinesTravel\tests\TestCase\Controller\AirportsControllerTest.php, line 116]
Request URL: /airports/delete/1
Trace:
Cake\Error\BaseErrorHandler::handleError() - CORE\src\Error\BaseErrorHandler.php, line 159
App\Test\TestCase\Controller\AirportsControllerTest::testDelete() - ROOT\tests\TestCase\Controller\AirportsControllerTest.php, line 116
ReflectionMethod::invokeArgs() - [internal], line ??
PHPUnit\Framework\TestCase::runTest() - ROOT\vendor\phpunit\phpunit\src\Framework\TestCase.php, line 1071
PHPUnit\Framework\TestCase::runBare() - ROOT\vendor\phpunit\phpunit\src\Framework\TestCase.php, line 939
PHPUnit\Framework\TestResult::run() - ROOT\vendor\phpunit\phpunit\src\Framework\TestResult.php, line 698
PHPUnit\Framework\TestCase::run() - ROOT\vendor\phpunit\phpunit\src\Framework\TestCase.php, line 894
PHPUnit\Framework\TestSuite::run() - ROOT\vendor\phpunit\phpunit\src\Framework\TestSuite.php, line 755
PHPUnit\TextUI\TestRunner::doRun() - ROOT\vendor\phpunit\phpunit\src\TextUI\TestRunner.php, line 545
PHPUnit\TextUI\Command::run() - ROOT\vendor\phpunit\phpunit\src\TextUI\Command.php, line 195
PHPUnit\TextUI\Command::main() - ROOT\vendor\phpunit\phpunit\src\TextUI\Command.php, line 148
[main] - ROOT\vendor\phpunit\phpunit\phpunit, line 53



2018-11-09 15:40:42 Notice: Notice (8): Undefined variable: Airports in [C:\Program Files (x86)\Ampps\www\AirlinesTravel\tests\TestCase\Controller\AirportsControllerTest.php, line 116]
Request URL: /airports/delete/1
Trace:
Cake\Error\BaseErrorHandler::handleError() - CORE\src\Error\BaseErrorHandler.php, line 159
App\Test\TestCase\Controller\AirportsControllerTest::testDelete() - ROOT\tests\TestCase\Controller\AirportsControllerTest.php, line 116
ReflectionMethod::invokeArgs() - [internal], line ??
PHPUnit\Framework\TestCase::runTest() - ROOT\vendor\phpunit\phpunit\src\Framework\TestCase.php, line 1071
PHPUnit\Framework\TestCase::runBare() - ROOT\vendor\phpunit\phpunit\src\Framework\TestCase.php, line 939
PHPUnit\Framework\TestResult::run() - ROOT\vendor\phpunit\phpunit\src\Framework\TestResult.php, line 698
PHPUnit\Framework\TestCase::run() - ROOT\vendor\phpunit\phpunit\src\Framework\TestCase.php, line 894
PHPUnit\Framework\TestSuite::run() - ROOT\vendor\phpunit\phpunit\src\Framework\TestSuite.php, line 755
PHPUnit\TextUI\TestRunner::doRun() - ROOT\vendor\phpunit\phpunit\src\TextUI\TestRunner.php, line 545
PHPUnit\TextUI\Command::run() - ROOT\vendor\phpunit\phpunit\src\TextUI\Command.php, line 195
PHPUnit\TextUI\Command::main() - ROOT\vendor\phpunit\phpunit\src\TextUI\Command.php, line 148
[main] - ROOT\vendor\phpunit\phpunit\phpunit, line 53



2018-11-09 15:40:42 Notice: Notice (8): Undefined property: App\Test\TestCase\Controller\AirportsControllerTest::$ in [C:\Program Files (x86)\Ampps\www\AirlinesTravel\tests\TestCase\Controller\AirportsControllerTest.php, line 116]
Request URL: /airports/delete/1
Trace:
Cake\Error\BaseErrorHandler::handleError() - CORE\src\Error\BaseErrorHandler.php, line 159
App\Test\TestCase\Controller\AirportsControllerTest::testDelete() - ROOT\tests\TestCase\Controller\AirportsControllerTest.php, line 116
ReflectionMethod::invokeArgs() - [internal], line ??
PHPUnit\Framework\TestCase::runTest() - ROOT\vendor\phpunit\phpunit\src\Framework\TestCase.php, line 1071
PHPUnit\Framework\TestCase::runBare() - ROOT\vendor\phpunit\phpunit\src\Framework\TestCase.php, line 939
PHPUnit\Framework\TestResult::run() - ROOT\vendor\phpunit\phpunit\src\Framework\TestResult.php, line 698
PHPUnit\Framework\TestCase::run() - ROOT\vendor\phpunit\phpunit\src\Framework\TestCase.php, line 894
PHPUnit\Framework\TestSuite::run() - ROOT\vendor\phpunit\phpunit\src\Framework\TestSuite.php, line 755
PHPUnit\TextUI\TestRunner::doRun() - ROOT\vendor\phpunit\phpunit\src\TextUI\TestRunner.php, line 545
PHPUnit\TextUI\Command::run() - ROOT\vendor\phpunit\phpunit\src\TextUI\Command.php, line 195
PHPUnit\TextUI\Command::main() - ROOT\vendor\phpunit\phpunit\src\TextUI\Command.php, line 148
[main] - ROOT\vendor\phpunit\phpunit\phpunit, line 53



2018-11-09 16:24:23 Notice: Notice (8): Use of undefined constant ca - assumed 'ca' in [C:\Program Files (x86)\Ampps\www\AirlinesTravel\tests\TestCase\Model\Table\PassengersTableTest.php, line 166]
Trace:
Cake\Error\BaseErrorHandler::handleError() - CORE\src\Error\BaseErrorHandler.php, line 159
App\Test\TestCase\Model\Table\PassengersTableTest::testValidateEmailFail() - ROOT\tests\TestCase\Model\Table\PassengersTableTest.php, line 166
ReflectionMethod::invokeArgs() - [internal], line ??
PHPUnit\Framework\TestCase::runTest() - ROOT\vendor\phpunit\phpunit\src\Framework\TestCase.php, line 1071
PHPUnit\Framework\TestCase::runBare() - ROOT\vendor\phpunit\phpunit\src\Framework\TestCase.php, line 939
PHPUnit\Framework\TestResult::run() - ROOT\vendor\phpunit\phpunit\src\Framework\TestResult.php, line 698
PHPUnit\Framework\TestCase::run() - ROOT\vendor\phpunit\phpunit\src\Framework\TestCase.php, line 894
PHPUnit\Framework\TestSuite::run() - ROOT\vendor\phpunit\phpunit\src\Framework\TestSuite.php, line 755
PHPUnit\Framework\TestSuite::run() - ROOT\vendor\phpunit\phpunit\src\Framework\TestSuite.php, line 755
PHPUnit\TextUI\TestRunner::doRun() - ROOT\vendor\phpunit\phpunit\src\TextUI\TestRunner.php, line 545
PHPUnit\TextUI\Command::run() - ROOT\vendor\phpunit\phpunit\src\TextUI\Command.php, line 195
PHPUnit\TextUI\Command::main() - ROOT\vendor\phpunit\phpunit\src\TextUI\Command.php, line 148
[main] - ROOT\vendor\phpunit\phpunit\phpunit, line 53



2018-11-09 16:31:00 Notice: Notice (8): Trying to get property of non-object in [C:\Program Files (x86)\Ampps\www\AirlinesTravel\tests\TestCase\Model\Table\PassengersTableTest.php, line 161]
Trace:
Cake\Error\BaseErrorHandler::handleError() - CORE\src\Error\BaseErrorHandler.php, line 159
App\Test\TestCase\Model\Table\PassengersTableTest::testValidateEmailOK() - ROOT\tests\TestCase\Model\Table\PassengersTableTest.php, line 161
ReflectionMethod::invokeArgs() - [internal], line ??
PHPUnit\Framework\TestCase::runTest() - ROOT\vendor\phpunit\phpunit\src\Framework\TestCase.php, line 1071
PHPUnit\Framework\TestCase::runBare() - ROOT\vendor\phpunit\phpunit\src\Framework\TestCase.php, line 939
PHPUnit\Framework\TestResult::run() - ROOT\vendor\phpunit\phpunit\src\Framework\TestResult.php, line 698
PHPUnit\Framework\TestCase::run() - ROOT\vendor\phpunit\phpunit\src\Framework\TestCase.php, line 894
PHPUnit\Framework\TestSuite::run() - ROOT\vendor\phpunit\phpunit\src\Framework\TestSuite.php, line 755
PHPUnit\Framework\TestSuite::run() - ROOT\vendor\phpunit\phpunit\src\Framework\TestSuite.php, line 755
PHPUnit\TextUI\TestRunner::doRun() - ROOT\vendor\phpunit\phpunit\src\TextUI\TestRunner.php, line 545
PHPUnit\TextUI\Command::run() - ROOT\vendor\phpunit\phpunit\src\TextUI\Command.php, line 195
PHPUnit\TextUI\Command::main() - ROOT\vendor\phpunit\phpunit\src\TextUI\Command.php, line 148
[main] - ROOT\vendor\phpunit\phpunit\phpunit, line 53



2018-11-09 16:32:43 Notice: Notice (8): Trying to get property of non-object in [C:\Program Files (x86)\Ampps\www\AirlinesTravel\tests\TestCase\Model\Table\PassengersTableTest.php, line 162]
Trace:
Cake\Error\BaseErrorHandler::handleError() - CORE\src\Error\BaseErrorHandler.php, line 159
App\Test\TestCase\Model\Table\PassengersTableTest::testValidateEmailOK() - ROOT\tests\TestCase\Model\Table\PassengersTableTest.php, line 162
ReflectionMethod::invokeArgs() - [internal], line ??
PHPUnit\Framework\TestCase::runTest() - ROOT\vendor\phpunit\phpunit\src\Framework\TestCase.php, line 1071
PHPUnit\Framework\TestCase::runBare() - ROOT\vendor\phpunit\phpunit\src\Framework\TestCase.php, line 939
PHPUnit\Framework\TestResult::run() - ROOT\vendor\phpunit\phpunit\src\Framework\TestResult.php, line 698
PHPUnit\Framework\TestCase::run() - ROOT\vendor\phpunit\phpunit\src\Framework\TestCase.php, line 894
PHPUnit\Framework\TestSuite::run() - ROOT\vendor\phpunit\phpunit\src\Framework\TestSuite.php, line 755
PHPUnit\Framework\TestSuite::run() - ROOT\vendor\phpunit\phpunit\src\Framework\TestSuite.php, line 755
PHPUnit\TextUI\TestRunner::doRun() - ROOT\vendor\phpunit\phpunit\src\TextUI\TestRunner.php, line 545
PHPUnit\TextUI\Command::run() - ROOT\vendor\phpunit\phpunit\src\TextUI\Command.php, line 195
PHPUnit\TextUI\Command::main() - ROOT\vendor\phpunit\phpunit\src\TextUI\Command.php, line 148
[main] - ROOT\vendor\phpunit\phpunit\phpunit, line 53



2018-11-09 16:35:21 Notice: Notice (8): Use of undefined constant ca - assumed 'ca' in [C:\Program Files (x86)\Ampps\www\AirlinesTravel\tests\TestCase\Model\Table\PassengersTableTest.php, line 168]
Trace:
Cake\Error\BaseErrorHandler::handleError() - CORE\src\Error\BaseErrorHandler.php, line 159
App\Test\TestCase\Model\Table\PassengersTableTest::testValidateEmailFail() - ROOT\tests\TestCase\Model\Table\PassengersTableTest.php, line 168
ReflectionMethod::invokeArgs() - [internal], line ??
PHPUnit\Framework\TestCase::runTest() - ROOT\vendor\phpunit\phpunit\src\Framework\TestCase.php, line 1071
PHPUnit\Framework\TestCase::runBare() - ROOT\vendor\phpunit\phpunit\src\Framework\TestCase.php, line 939
PHPUnit\Framework\TestResult::run() - ROOT\vendor\phpunit\phpunit\src\Framework\TestResult.php, line 698
PHPUnit\Framework\TestCase::run() - ROOT\vendor\phpunit\phpunit\src\Framework\TestCase.php, line 894
PHPUnit\Framework\TestSuite::run() - ROOT\vendor\phpunit\phpunit\src\Framework\TestSuite.php, line 755
PHPUnit\Framework\TestSuite::run() - ROOT\vendor\phpunit\phpunit\src\Framework\TestSuite.php, line 755
PHPUnit\TextUI\TestRunner::doRun() - ROOT\vendor\phpunit\phpunit\src\TextUI\TestRunner.php, line 545
PHPUnit\TextUI\Command::run() - ROOT\vendor\phpunit\phpunit\src\TextUI\Command.php, line 195
PHPUnit\TextUI\Command::main() - ROOT\vendor\phpunit\phpunit\src\TextUI\Command.php, line 148
[main] - ROOT\vendor\phpunit\phpunit\phpunit, line 53



2018-11-10 23:59:52 Notice: Notice (8): Undefined property: App\Test\TestCase\Controller\AirportsControllerTest::$AuthAdmin in [C:\Program Files (x86)\Ampps\www\AirlinesTravel\tests\TestCase\Controller\AirportsControllerTest.php, line 112]
Trace:
Cake\Error\BaseErrorHandler::handleError() - CORE\src\Error\BaseErrorHandler.php, line 159
App\Test\TestCase\Controller\AirportsControllerTest::testDelete() - ROOT\tests\TestCase\Controller\AirportsControllerTest.php, line 112
ReflectionMethod::invokeArgs() - [internal], line ??
PHPUnit\Framework\TestCase::runTest() - ROOT\vendor\phpunit\phpunit\src\Framework\TestCase.php, line 1071
PHPUnit\Framework\TestCase::runBare() - ROOT\vendor\phpunit\phpunit\src\Framework\TestCase.php, line 939
PHPUnit\Framework\TestResult::run() - ROOT\vendor\phpunit\phpunit\src\Framework\TestResult.php, line 698
PHPUnit\Framework\TestCase::run() - ROOT\vendor\phpunit\phpunit\src\Framework\TestCase.php, line 894
PHPUnit\Framework\TestSuite::run() - ROOT\vendor\phpunit\phpunit\src\Framework\TestSuite.php, line 755
PHPUnit\TextUI\TestRunner::doRun() - ROOT\vendor\phpunit\phpunit\src\TextUI\TestRunner.php, line 545
PHPUnit\TextUI\Command::run() - ROOT\vendor\phpunit\phpunit\src\TextUI\Command.php, line 195
PHPUnit\TextUI\Command::main() - ROOT\vendor\phpunit\phpunit\src\TextUI\Command.php, line 148
[main] - ROOT\vendor\phpunit\phpunit\phpunit, line 53



2018-11-11 00:05:05 Notice: Notice (8): Undefined property: App\Test\TestCase\Controller\AirportsControllerTest::$Clients in [C:\Program Files (x86)\Ampps\www\AirlinesTravel\tests\TestCase\Controller\AirportsControllerTest.php, line 115]
Trace:
Cake\Error\BaseErrorHandler::handleError() - CORE\src\Error\BaseErrorHandler.php, line 159
App\Test\TestCase\Controller\AirportsControllerTest::testDelete() - ROOT\tests\TestCase\Controller\AirportsControllerTest.php, line 115
ReflectionMethod::invokeArgs() - [internal], line ??
PHPUnit\Framework\TestCase::runTest() - ROOT\vendor\phpunit\phpunit\src\Framework\TestCase.php, line 1071
PHPUnit\Framework\TestCase::runBare() - ROOT\vendor\phpunit\phpunit\src\Framework\TestCase.php, line 939
PHPUnit\Framework\TestResult::run() - ROOT\vendor\phpunit\phpunit\src\Framework\TestResult.php, line 698
PHPUnit\Framework\TestCase::run() - ROOT\vendor\phpunit\phpunit\src\Framework\TestCase.php, line 894
PHPUnit\Framework\TestSuite::run() - ROOT\vendor\phpunit\phpunit\src\Framework\TestSuite.php, line 755
PHPUnit\TextUI\TestRunner::doRun() - ROOT\vendor\phpunit\phpunit\src\TextUI\TestRunner.php, line 545
PHPUnit\TextUI\Command::run() - ROOT\vendor\phpunit\phpunit\src\TextUI\Command.php, line 195
PHPUnit\TextUI\Command::main() - ROOT\vendor\phpunit\phpunit\src\TextUI\Command.php, line 148
[main] - ROOT\vendor\phpunit\phpunit\phpunit, line 53



2018-11-11 00:05:31 Notice: Notice (8): Undefined property: App\Test\TestCase\Controller\AirportsControllerTest::$Clients in [C:\Program Files (x86)\Ampps\www\AirlinesTravel\tests\TestCase\Controller\AirportsControllerTest.php, line 115]
Trace:
Cake\Error\BaseErrorHandler::handleError() - CORE\src\Error\BaseErrorHandler.php, line 159
App\Test\TestCase\Controller\AirportsControllerTest::testDelete() - ROOT\tests\TestCase\Controller\AirportsControllerTest.php, line 115
ReflectionMethod::invokeArgs() - [internal], line ??
PHPUnit\Framework\TestCase::runTest() - ROOT\vendor\phpunit\phpunit\src\Framework\TestCase.php, line 1071
PHPUnit\Framework\TestCase::runBare() - ROOT\vendor\phpunit\phpunit\src\Framework\TestCase.php, line 939
PHPUnit\Framework\TestResult::run() - ROOT\vendor\phpunit\phpunit\src\Framework\TestResult.php, line 698
PHPUnit\Framework\TestCase::run() - ROOT\vendor\phpunit\phpunit\src\Framework\TestCase.php, line 894
PHPUnit\Framework\TestSuite::run() - ROOT\vendor\phpunit\phpunit\src\Framework\TestSuite.php, line 755
PHPUnit\TextUI\TestRunner::doRun() - ROOT\vendor\phpunit\phpunit\src\TextUI\TestRunner.php, line 545
PHPUnit\TextUI\Command::run() - ROOT\vendor\phpunit\phpunit\src\TextUI\Command.php, line 195
PHPUnit\TextUI\Command::main() - ROOT\vendor\phpunit\phpunit\src\TextUI\Command.php, line 148
[main] - ROOT\vendor\phpunit\phpunit\phpunit, line 53



2018-11-11 00:06:06 Notice: Notice (8): Undefined property: App\Test\TestCase\Controller\AirportsControllerTest::$Airports in [C:\Program Files (x86)\Ampps\www\AirlinesTravel\tests\TestCase\Controller\AirportsControllerTest.php, line 115]
Trace:
Cake\Error\BaseErrorHandler::handleError() - CORE\src\Error\BaseErrorHandler.php, line 159
App\Test\TestCase\Controller\AirportsControllerTest::testDelete() - ROOT\tests\TestCase\Controller\AirportsControllerTest.php, line 115
ReflectionMethod::invokeArgs() - [internal], line ??
PHPUnit\Framework\TestCase::runTest() - ROOT\vendor\phpunit\phpunit\src\Framework\TestCase.php, line 1071
PHPUnit\Framework\TestCase::runBare() - ROOT\vendor\phpunit\phpunit\src\Framework\TestCase.php, line 939
PHPUnit\Framework\TestResult::run() - ROOT\vendor\phpunit\phpunit\src\Framework\TestResult.php, line 698
PHPUnit\Framework\TestCase::run() - ROOT\vendor\phpunit\phpunit\src\Framework\TestCase.php, line 894
PHPUnit\Framework\TestSuite::run() - ROOT\vendor\phpunit\phpunit\src\Framework\TestSuite.php, line 755
PHPUnit\TextUI\TestRunner::doRun() - ROOT\vendor\phpunit\phpunit\src\TextUI\TestRunner.php, line 545
PHPUnit\TextUI\Command::run() - ROOT\vendor\phpunit\phpunit\src\TextUI\Command.php, line 195
PHPUnit\TextUI\Command::main() - ROOT\vendor\phpunit\phpunit\src\TextUI\Command.php, line 148
[main] - ROOT\vendor\phpunit\phpunit\phpunit, line 53



2018-11-11 00:06:42 Notice: Notice (8): Undefined property: App\Test\TestCase\Controller\AirportsControllerTest::$airports in [C:\Program Files (x86)\Ampps\www\AirlinesTravel\tests\TestCase\Controller\AirportsControllerTest.php, line 115]
Trace:
Cake\Error\BaseErrorHandler::handleError() - CORE\src\Error\BaseErrorHandler.php, line 159
App\Test\TestCase\Controller\AirportsControllerTest::testDelete() - ROOT\tests\TestCase\Controller\AirportsControllerTest.php, line 115
ReflectionMethod::invokeArgs() - [internal], line ??
PHPUnit\Framework\TestCase::runTest() - ROOT\vendor\phpunit\phpunit\src\Framework\TestCase.php, line 1071
PHPUnit\Framework\TestCase::runBare() - ROOT\vendor\phpunit\phpunit\src\Framework\TestCase.php, line 939
PHPUnit\Framework\TestResult::run() - ROOT\vendor\phpunit\phpunit\src\Framework\TestResult.php, line 698
PHPUnit\Framework\TestCase::run() - ROOT\vendor\phpunit\phpunit\src\Framework\TestCase.php, line 894
PHPUnit\Framework\TestSuite::run() - ROOT\vendor\phpunit\phpunit\src\Framework\TestSuite.php, line 755
PHPUnit\TextUI\TestRunner::doRun() - ROOT\vendor\phpunit\phpunit\src\TextUI\TestRunner.php, line 545
PHPUnit\TextUI\Command::run() - ROOT\vendor\phpunit\phpunit\src\TextUI\Command.php, line 195
PHPUnit\TextUI\Command::main() - ROOT\vendor\phpunit\phpunit\src\TextUI\Command.php, line 148
[main] - ROOT\vendor\phpunit\phpunit\phpunit, line 53



2018-11-11 00:08:35 Notice: Notice (8): Undefined property: App\Test\TestCase\Controller\AirportsControllerTest::$Air in [C:\Program Files (x86)\Ampps\www\AirlinesTravel\tests\TestCase\Controller\AirportsControllerTest.php, line 126]
Trace:
Cake\Error\BaseErrorHandler::handleError() - CORE\src\Error\BaseErrorHandler.php, line 159
App\Test\TestCase\Controller\AirportsControllerTest::testDelete() - ROOT\tests\TestCase\Controller\AirportsControllerTest.php, line 126
ReflectionMethod::invokeArgs() - [internal], line ??
PHPUnit\Framework\TestCase::runTest() - ROOT\vendor\phpunit\phpunit\src\Framework\TestCase.php, line 1071
PHPUnit\Framework\TestCase::runBare() - ROOT\vendor\phpunit\phpunit\src\Framework\TestCase.php, line 939
PHPUnit\Framework\TestResult::run() - ROOT\vendor\phpunit\phpunit\src\Framework\TestResult.php, line 698
PHPUnit\Framework\TestCase::run() - ROOT\vendor\phpunit\phpunit\src\Framework\TestCase.php, line 894
PHPUnit\Framework\TestSuite::run() - ROOT\vendor\phpunit\phpunit\src\Framework\TestSuite.php, line 755
PHPUnit\TextUI\TestRunner::doRun() - ROOT\vendor\phpunit\phpunit\src\TextUI\TestRunner.php, line 545
PHPUnit\TextUI\Command::run() - ROOT\vendor\phpunit\phpunit\src\TextUI\Command.php, line 195
PHPUnit\TextUI\Command::main() - ROOT\vendor\phpunit\phpunit\src\TextUI\Command.php, line 148
[main] - ROOT\vendor\phpunit\phpunit\phpunit, line 53



2018-11-11 00:09:26 Notice: Notice (8): Undefined property: App\Test\TestCase\Controller\AirportsControllerTest::$Airports in [C:\Program Files (x86)\Ampps\www\AirlinesTravel\tests\TestCase\Controller\AirportsControllerTest.php, line 126]
Trace:
Cake\Error\BaseErrorHandler::handleError() - CORE\src\Error\BaseErrorHandler.php, line 159
App\Test\TestCase\Controller\AirportsControllerTest::testDelete() - ROOT\tests\TestCase\Controller\AirportsControllerTest.php, line 126
ReflectionMethod::invokeArgs() - [internal], line ??
PHPUnit\Framework\TestCase::runTest() - ROOT\vendor\phpunit\phpunit\src\Framework\TestCase.php, line 1071
PHPUnit\Framework\TestCase::runBare() - ROOT\vendor\phpunit\phpunit\src\Framework\TestCase.php, line 939
PHPUnit\Framework\TestResult::run() - ROOT\vendor\phpunit\phpunit\src\Framework\TestResult.php, line 698
PHPUnit\Framework\TestCase::run() - ROOT\vendor\phpunit\phpunit\src\Framework\TestCase.php, line 894
PHPUnit\Framework\TestSuite::run() - ROOT\vendor\phpunit\phpunit\src\Framework\TestSuite.php, line 755
PHPUnit\TextUI\TestRunner::doRun() - ROOT\vendor\phpunit\phpunit\src\TextUI\TestRunner.php, line 545
PHPUnit\TextUI\Command::run() - ROOT\vendor\phpunit\phpunit\src\TextUI\Command.php, line 195
PHPUnit\TextUI\Command::main() - ROOT\vendor\phpunit\phpunit\src\TextUI\Command.php, line 148
[main] - ROOT\vendor\phpunit\phpunit\phpunit, line 53



2018-11-11 00:09:34 Notice: Notice (8): Undefined property: App\Test\TestCase\Controller\AirportsControllerTest::$Airports in [C:\Program Files (x86)\Ampps\www\AirlinesTravel\tests\TestCase\Controller\AirportsControllerTest.php, line 126]
Trace:
Cake\Error\BaseErrorHandler::handleError() - CORE\src\Error\BaseErrorHandler.php, line 159
App\Test\TestCase\Controller\AirportsControllerTest::testDelete() - ROOT\tests\TestCase\Controller\AirportsControllerTest.php, line 126
ReflectionMethod::invokeArgs() - [internal], line ??
PHPUnit\Framework\TestCase::runTest() - ROOT\vendor\phpunit\phpunit\src\Framework\TestCase.php, line 1071
PHPUnit\Framework\TestCase::runBare() - ROOT\vendor\phpunit\phpunit\src\Framework\TestCase.php, line 939
PHPUnit\Framework\TestResult::run() - ROOT\vendor\phpunit\phpunit\src\Framework\TestResult.php, line 698
PHPUnit\Framework\TestCase::run() - ROOT\vendor\phpunit\phpunit\src\Framework\TestCase.php, line 894
PHPUnit\Framework\TestSuite::run() - ROOT\vendor\phpunit\phpunit\src\Framework\TestSuite.php, line 755
PHPUnit\TextUI\TestRunner::doRun() - ROOT\vendor\phpunit\phpunit\src\TextUI\TestRunner.php, line 545
PHPUnit\TextUI\Command::run() - ROOT\vendor\phpunit\phpunit\src\TextUI\Command.php, line 195
PHPUnit\TextUI\Command::main() - ROOT\vendor\phpunit\phpunit\src\TextUI\Command.php, line 148
[main] - ROOT\vendor\phpunit\phpunit\phpunit, line 53



